2020-05-08 04:22:07,913 [INFO] Activator:176 - 


2020-05-08 04:22:07,929 [INFO] Activator:177 - !SESSION log4j initialized
2020-05-08 04:22:56,991 [INFO] ApplicationProperties:181 - Using Application install path: C:\ST\STM32CubeIDE_1.2.0\STM32CubeIDE\plugins\com.st.stm32cube.common.mx_5.6.1.202004052303
2020-05-08 04:22:57,022 [INFO] DbMcusXml:72 - Set database path to: C:\ST\STM32CubeIDE_1.2.0\STM32CubeIDE\plugins\com.st.stm32cube.common.mx_5.6.1.202004052303\\db\/mcu/
2020-05-08 04:22:57,022 [INFO] DbBoardsPdsc:54 - Set plugin database path to: C:\ST\STM32CubeIDE_1.2.0\STM32CubeIDE\plugins\com.st.stm32cube.common.mx_5.6.1.202004052303\\db\/plugins/boardmanager/
2020-05-08 04:22:57,022 [INFO] DbMcus:235 - Set plugin images path to: C:\ST\STM32CubeIDE_1.2.0\STM32CubeIDE\plugins\com.st.stm32cube.common.mx_5.6.1.202004052303\\db\/plugins/mcufinder/images/
2020-05-08 04:22:57,037 [INFO] DbBoards:232 - Set plugin images path to: C:\ST\STM32CubeIDE_1.2.0\STM32CubeIDE\plugins\com.st.stm32cube.common.mx_5.6.1.202004052303\\db\/plugins/mcufinder/images/
2020-05-08 04:22:57,053 [INFO] DbMcusAds:85 - Set database path to: C:\Users\ERCAN\.stmcufinder\plugins\mcufinder//mcu/
2020-05-08 04:22:57,069 [INFO] DbMcusDocs:108 - Set database path to: C:\Users\ERCAN\.stmcufinder\plugins\mcufinder//mcu/
2020-05-08 04:22:57,069 [INFO] DbMcusJson:61 - Set database path to: C:\Users\ERCAN\.stmcufinder\plugins\mcufinder//mcu/
2020-05-08 04:22:57,069 [INFO] DbBoardsDocs:97 - Set database path to: C:\Users\ERCAN\.stmcufinder\plugins\mcufinder//mcu/
2020-05-08 04:22:57,069 [INFO] DbBoardsJson:51 - Set database path to: C:\Users\ERCAN\.stmcufinder\plugins\mcufinder//mcu/
2020-05-08 04:22:57,178 [INFO] CrossReferenceDbSqlite:197 - Set database path to: C:\Users\ERCAN\.stmcufinder\plugins\mcufinder//mcu/cs/
2020-05-08 04:22:57,397 [INFO] RulesReader:52 - Compatibility file has been processed (208 Rules)
2020-05-08 04:22:57,615 [INFO] MicroXplorer:570 - Detected Java Version = 1.8.0_202
2020-05-08 04:22:57,615 [INFO] DbMcusXml:72 - Set database path to: C:\ST\STM32CubeIDE_1.2.0\STM32CubeIDE\plugins\com.st.stm32cube.common.mx_5.6.1.202004052303\\db\/mcu/
2020-05-08 04:22:57,615 [INFO] DbBoardsPdsc:54 - Set plugin database path to: C:\ST\STM32CubeIDE_1.2.0\STM32CubeIDE\plugins\com.st.stm32cube.common.mx_5.6.1.202004052303\\db\/plugins/boardmanager/
2020-05-08 04:22:57,615 [INFO] DbMcus:235 - Set plugin images path to: C:\ST\STM32CubeIDE_1.2.0\STM32CubeIDE\plugins\com.st.stm32cube.common.mx_5.6.1.202004052303\\db\/plugins/mcufinder/images/
2020-05-08 04:22:57,615 [INFO] DbBoards:232 - Set plugin images path to: C:\ST\STM32CubeIDE_1.2.0\STM32CubeIDE\plugins\com.st.stm32cube.common.mx_5.6.1.202004052303\\db\/plugins/mcufinder/images/
2020-05-08 04:22:57,615 [WARN] DbFile:36 - Overriding database path with different value: C:\Users\ERCAN\.stmcufinder\plugins\mcufinder/ => C:\Users\ERCAN\.stmcufinder\plugins\mcufinder
2020-05-08 04:22:57,615 [INFO] DbMcusAds:85 - Set database path to: C:\Users\ERCAN\.stmcufinder\plugins\mcufinder//mcu/
2020-05-08 04:22:57,615 [WARN] DbFile:36 - Overriding database path with different value: C:\Users\ERCAN\.stmcufinder\plugins\mcufinder/ => C:\Users\ERCAN\.stmcufinder\plugins\mcufinder
2020-05-08 04:22:57,615 [INFO] DbMcusDocs:108 - Set database path to: C:\Users\ERCAN\.stmcufinder\plugins\mcufinder//mcu/
2020-05-08 04:22:57,615 [WARN] DbFile:36 - Overriding database path with different value: C:\Users\ERCAN\.stmcufinder\plugins\mcufinder/ => C:\Users\ERCAN\.stmcufinder\plugins\mcufinder
2020-05-08 04:22:57,615 [INFO] DbMcusJson:61 - Set database path to: C:\Users\ERCAN\.stmcufinder\plugins\mcufinder//mcu/
2020-05-08 04:22:57,615 [WARN] DbFile:36 - Overriding database path with different value: C:\Users\ERCAN\.stmcufinder\plugins\mcufinder/ => C:\Users\ERCAN\.stmcufinder\plugins\mcufinder
2020-05-08 04:22:57,615 [INFO] DbBoardsDocs:97 - Set database path to: C:\Users\ERCAN\.stmcufinder\plugins\mcufinder//mcu/
2020-05-08 04:22:57,615 [WARN] DbFile:36 - Overriding database path with different value: C:\Users\ERCAN\.stmcufinder\plugins\mcufinder/ => C:\Users\ERCAN\.stmcufinder\plugins\mcufinder
2020-05-08 04:22:57,615 [INFO] DbBoardsJson:51 - Set database path to: C:\Users\ERCAN\.stmcufinder\plugins\mcufinder//mcu/
2020-05-08 04:22:57,631 [WARN] DbFile:36 - Overriding database path with different value: C:\Users\ERCAN\.stmcufinder\plugins\mcufinder/ => C:\Users\ERCAN\.stmcufinder\plugins\mcufinder
2020-05-08 04:22:57,631 [WARN] DbFile:36 - Overriding database path with different value: C:\Users\ERCAN\.stmcufinder\plugins\mcufinder/ => C:\Users\ERCAN\.stmcufinder\plugins\mcufinder
2020-05-08 04:22:57,631 [INFO] CrossReferenceDbSqlite:197 - Set database path to: C:\Users\ERCAN\.stmcufinder\plugins\mcufinder//mcu/cs/
2020-05-08 04:22:57,772 [INFO] MainPanel:181 - HeapMemory: 284164096
2020-05-08 04:22:57,944 [INFO] DbMcusXml:72 - Set database path to: C:\ST\STM32CubeIDE_1.2.0\STM32CubeIDE\plugins\com.st.stm32cube.common.mx_5.6.1.202004052303\\db\/mcu/
2020-05-08 04:22:57,944 [INFO] DbBoardsPdsc:54 - Set plugin database path to: C:\ST\STM32CubeIDE_1.2.0\STM32CubeIDE\plugins\com.st.stm32cube.common.mx_5.6.1.202004052303\\db\/plugins/boardmanager/
2020-05-08 04:22:57,944 [INFO] DbMcus:235 - Set plugin images path to: C:\ST\STM32CubeIDE_1.2.0\STM32CubeIDE\plugins\com.st.stm32cube.common.mx_5.6.1.202004052303\\db\/plugins/mcufinder/images/
2020-05-08 04:22:57,944 [INFO] DbBoards:232 - Set plugin images path to: C:\ST\STM32CubeIDE_1.2.0\STM32CubeIDE\plugins\com.st.stm32cube.common.mx_5.6.1.202004052303\\db\/plugins/mcufinder/images/
2020-05-08 04:22:57,944 [WARN] DbFile:36 - Overriding database path with different value: C:\Users\ERCAN\.stmcufinder\plugins\mcufinder/ => C:\Users\ERCAN\.stmcufinder\plugins\mcufinder
2020-05-08 04:22:57,944 [INFO] DbMcusAds:85 - Set database path to: C:\Users\ERCAN\.stmcufinder\plugins\mcufinder//mcu/
2020-05-08 04:22:57,944 [WARN] DbFile:36 - Overriding database path with different value: C:\Users\ERCAN\.stmcufinder\plugins\mcufinder/ => C:\Users\ERCAN\.stmcufinder\plugins\mcufinder
2020-05-08 04:22:57,944 [INFO] DbMcusDocs:108 - Set database path to: C:\Users\ERCAN\.stmcufinder\plugins\mcufinder//mcu/
2020-05-08 04:22:57,944 [WARN] DbFile:36 - Overriding database path with different value: C:\Users\ERCAN\.stmcufinder\plugins\mcufinder/ => C:\Users\ERCAN\.stmcufinder\plugins\mcufinder
2020-05-08 04:22:57,944 [INFO] DbMcusJson:61 - Set database path to: C:\Users\ERCAN\.stmcufinder\plugins\mcufinder//mcu/
2020-05-08 04:22:57,944 [WARN] DbFile:36 - Overriding database path with different value: C:\Users\ERCAN\.stmcufinder\plugins\mcufinder/ => C:\Users\ERCAN\.stmcufinder\plugins\mcufinder
2020-05-08 04:22:57,944 [INFO] DbBoardsDocs:97 - Set database path to: C:\Users\ERCAN\.stmcufinder\plugins\mcufinder//mcu/
2020-05-08 04:22:57,944 [WARN] DbFile:36 - Overriding database path with different value: C:\Users\ERCAN\.stmcufinder\plugins\mcufinder/ => C:\Users\ERCAN\.stmcufinder\plugins\mcufinder
2020-05-08 04:22:57,944 [INFO] DbBoardsJson:51 - Set database path to: C:\Users\ERCAN\.stmcufinder\plugins\mcufinder//mcu/
2020-05-08 04:22:57,944 [WARN] DbFile:36 - Overriding database path with different value: C:\Users\ERCAN\.stmcufinder\plugins\mcufinder/ => C:\Users\ERCAN\.stmcufinder\plugins\mcufinder
2020-05-08 04:22:57,959 [WARN] DbFile:36 - Overriding database path with different value: C:\Users\ERCAN\.stmcufinder\plugins\mcufinder/ => C:\Users\ERCAN\.stmcufinder\plugins\mcufinder
2020-05-08 04:22:57,959 [INFO] CrossReferenceDbSqlite:197 - Set database path to: C:\Users\ERCAN\.stmcufinder\plugins\mcufinder//mcu/cs/
2020-05-08 04:22:57,990 [INFO] ApplicationProperties:181 - Using Application install path: C:\ST\STM32CubeIDE_1.2.0\STM32CubeIDE\plugins\com.st.stm32cube.common.mx_5.6.1.202004052303
2020-05-08 04:22:57,990 [INFO] PluginManage:178 - Search for loadable plugins [exclusion list=, tutovideos]
2020-05-08 04:22:58,006 [INFO] PluginManage:292 - Check plugin analytics
2020-05-08 04:22:58,037 [INFO] PluginManage:342 - Loaded plugin analytics (category:tool,tabindex:-1)
2020-05-08 04:22:58,037 [INFO] PluginManage:292 - Check plugin clock
2020-05-08 04:22:58,084 [INFO] PluginManage:342 - Loaded plugin clock (category:base,tabindex:2)
2020-05-08 04:22:58,084 [INFO] PluginManage:292 - Check plugin ddr
2020-05-08 04:22:58,084 [INFO] PluginManage:342 - Loaded plugin ddr (category:tool,tabindex:6)
2020-05-08 04:22:58,084 [INFO] PluginManage:292 - Check plugin filemanager
2020-05-08 04:22:58,319 [INFO] PluginManage:342 - Loaded plugin filemanager (category:base,tabindex:10)
2020-05-08 04:22:58,319 [INFO] PluginManage:292 - Check plugin ipmanager
2020-05-08 04:22:58,334 [INFO] PluginManage:342 - Loaded plugin ipmanager (category:base,tabindex:5)
2020-05-08 04:22:58,334 [INFO] PluginManage:292 - Check plugin pinoutandconfiguration
2020-05-08 04:22:58,381 [INFO] PluginManage:342 - Loaded plugin pinoutandconfiguration (category:base,tabindex:1)
2020-05-08 04:22:58,381 [INFO] PluginManage:292 - Check plugin pinoutconfig
2020-05-08 04:22:58,459 [INFO] PluginManage:342 - Loaded plugin pinoutconfig (category:base,tabindex:0)
2020-05-08 04:22:58,459 [INFO] PluginManage:292 - Check plugin power
2020-05-08 04:22:58,506 [INFO] PluginManage:342 - Loaded plugin power (category:power,tabindex:4)
2020-05-08 04:22:58,506 [INFO] PluginManage:292 - Check plugin projectmanager
2020-05-08 04:22:58,537 [INFO] PluginManage:342 - Loaded plugin projectmanager (category:projectmanager,tabindex:3)
2020-05-08 04:22:58,537 [INFO] PluginManage:292 - Check plugin thirdparty
2020-05-08 04:22:58,694 [INFO] ThirdPartyDb:295 - Open Third Party DataBase File (C:/Users/ERCAN/.stm32cubemx/plugins/thirdparty/db/thirdparties_db.xml) : 63 ms. number of Sw pack : 8
2020-05-08 04:22:58,740 [INFO] PluginManage:342 - Loaded plugin thirdparty (category:base,tabindex:-1)
2020-05-08 04:22:58,740 [INFO] PluginManage:292 - Check plugin tools
2020-05-08 04:22:58,803 [INFO] PluginManage:342 - Loaded plugin tools (category:base,tabindex:7)
2020-05-08 04:22:58,803 [INFO] PluginManage:292 - Check plugin tutovideos
2020-05-08 04:22:58,975 [INFO] PluginManage:347 - Ignore plugin tutovideos (category:base)
2020-05-08 04:22:58,975 [INFO] PluginManage:292 - Check plugin updater
2020-05-08 04:22:58,990 [INFO] PluginManage:342 - Loaded plugin updater (category:base,tabindex:12)
2020-05-08 04:22:58,990 [INFO] PluginManage:265 - PluginManage : Loaded plugins [12]
2020-05-08 04:22:59,365 [INFO] PinOutPanel:1420 - setPackage(No Configuration,No Configuration)
2020-05-08 04:22:59,584 [INFO] IPUIPlugin:65 - create IPUIPlugin
2020-05-08 04:22:59,584 [INFO] PluginManager:200 - loadIPPluginJar : add adc
2020-05-08 04:22:59,631 [INFO] IPUIPlugin:65 - create IPUIPlugin
2020-05-08 04:22:59,647 [INFO] PluginManager:200 - loadIPPluginJar : add aes
2020-05-08 04:22:59,709 [INFO] IPUIPlugin:65 - create IPUIPlugin
2020-05-08 04:22:59,709 [INFO] PluginManager:200 - loadIPPluginJar : add can
2020-05-08 04:22:59,756 [INFO] IPUIPlugin:65 - create IPUIPlugin
2020-05-08 04:22:59,756 [INFO] PluginManager:200 - loadIPPluginJar : add comp
2020-05-08 04:22:59,803 [INFO] IPUIPlugin:65 - create IPUIPlugin
2020-05-08 04:22:59,803 [INFO] PluginManager:200 - loadIPPluginJar : add cryp
2020-05-08 04:22:59,850 [INFO] IPUIPlugin:65 - create IPUIPlugin
2020-05-08 04:22:59,850 [INFO] PluginManager:200 - loadIPPluginJar : add dfsdm
2020-05-08 04:22:59,881 [INFO] IPUIPlugin:65 - create IPUIPlugin
2020-05-08 04:22:59,881 [INFO] PluginManager:200 - loadIPPluginJar : add dma
2020-05-08 04:22:59,912 [INFO] IPUIPlugin:65 - create IPUIPlugin
2020-05-08 04:22:59,912 [INFO] PluginManager:200 - loadIPPluginJar : add fatfs
2020-05-08 04:23:00,006 [INFO] IPUIPlugin:65 - create IPUIPlugin
2020-05-08 04:23:00,022 [INFO] PluginManager:200 - loadIPPluginJar : add fmc
2020-05-08 04:23:00,053 [INFO] IPUIPlugin:65 - create IPUIPlugin
2020-05-08 04:23:00,053 [INFO] PluginManager:200 - loadIPPluginJar : add freertos
2020-05-08 04:23:00,084 [INFO] IPUIPlugin:65 - create IPUIPlugin
2020-05-08 04:23:00,084 [INFO] PluginManager:200 - loadIPPluginJar : add genericplugin
2020-05-08 04:23:00,256 [INFO] IPUIPlugin:65 - create IPUIPlugin
2020-05-08 04:23:00,256 [INFO] PluginManager:200 - loadIPPluginJar : add gfxmmu
2020-05-08 04:23:00,490 [INFO] IPUIPlugin:65 - create IPUIPlugin
2020-05-08 04:23:00,490 [INFO] PluginManager:200 - loadIPPluginJar : add gic
2020-05-08 04:23:00,506 [INFO] IPUIPlugin:65 - create IPUIPlugin
2020-05-08 04:23:00,506 [INFO] PluginManager:200 - loadIPPluginJar : add gpio
2020-05-08 04:23:00,631 [INFO] IPUIPlugin:65 - create IPUIPlugin
2020-05-08 04:23:00,631 [INFO] PluginManager:200 - loadIPPluginJar : add gtzc
2020-05-08 04:23:00,678 [INFO] IPUIPlugin:65 - create IPUIPlugin
2020-05-08 04:23:00,678 [INFO] PluginManager:200 - loadIPPluginJar : add hash
2020-05-08 04:23:00,772 [INFO] IPUIPlugin:65 - create IPUIPlugin
2020-05-08 04:23:00,772 [INFO] PluginManager:200 - loadIPPluginJar : add i2c
2020-05-08 04:23:00,850 [INFO] IPUIPlugin:65 - create IPUIPlugin
2020-05-08 04:23:00,850 [INFO] PluginManager:200 - loadIPPluginJar : add i2s
2020-05-08 04:23:01,084 [INFO] IPUIPlugin:65 - create IPUIPlugin
2020-05-08 04:23:01,084 [INFO] PluginManager:200 - loadIPPluginJar : add ipddr
2020-05-08 04:23:01,147 [INFO] IPUIPlugin:65 - create IPUIPlugin
2020-05-08 04:23:01,147 [INFO] PluginManager:200 - loadIPPluginJar : add ltdc
2020-05-08 04:23:01,162 [INFO] IPUIPlugin:65 - create IPUIPlugin
2020-05-08 04:23:01,178 [INFO] PluginManager:200 - loadIPPluginJar : add mdma
2020-05-08 04:23:01,194 [INFO] IPUIPlugin:65 - create IPUIPlugin
2020-05-08 04:23:01,194 [INFO] PluginManager:200 - loadIPPluginJar : add nvic
2020-05-08 04:23:01,256 [INFO] IPUIPlugin:65 - create IPUIPlugin
2020-05-08 04:23:01,256 [INFO] PluginManager:200 - loadIPPluginJar : add opamp
2020-05-08 04:23:01,334 [INFO] IPUIPlugin:65 - create IPUIPlugin
2020-05-08 04:23:01,334 [INFO] PluginManager:200 - loadIPPluginJar : add pdm2pcm
2020-05-08 04:23:01,365 [INFO] IPUIPlugin:65 - create IPUIPlugin
2020-05-08 04:23:01,365 [INFO] PluginManager:200 - loadIPPluginJar : add plateformsettings
2020-05-08 04:23:01,397 [INFO] IPUIPlugin:65 - create IPUIPlugin
2020-05-08 04:23:01,412 [INFO] PluginManager:200 - loadIPPluginJar : add quadspi
2020-05-08 04:23:01,428 [INFO] IPUIPlugin:65 - create IPUIPlugin
2020-05-08 04:23:01,428 [INFO] PluginManager:200 - loadIPPluginJar : add resmgrutility
2020-05-08 04:23:01,522 [INFO] IPUIPlugin:65 - create IPUIPlugin
2020-05-08 04:23:01,522 [INFO] PluginManager:200 - loadIPPluginJar : add sai
2020-05-08 04:23:01,584 [INFO] IPUIPlugin:65 - create IPUIPlugin
2020-05-08 04:23:01,584 [INFO] PluginManager:200 - loadIPPluginJar : add spi
2020-05-08 04:23:01,678 [INFO] IPUIPlugin:65 - create IPUIPlugin
2020-05-08 04:23:01,678 [INFO] PluginManager:200 - loadIPPluginJar : add stm32_wpan
2020-05-08 04:23:01,709 [INFO] IPUIPlugin:65 - create IPUIPlugin
2020-05-08 04:23:01,709 [INFO] PluginManager:200 - loadIPPluginJar : add tim
2020-05-08 04:23:01,834 [INFO] IPUIPlugin:65 - create IPUIPlugin
2020-05-08 04:23:01,850 [INFO] PluginManager:200 - loadIPPluginJar : add touchsensing
2020-05-08 04:23:01,881 [INFO] IPUIPlugin:65 - create IPUIPlugin
2020-05-08 04:23:01,881 [INFO] PluginManager:200 - loadIPPluginJar : add tracer_emb
2020-05-08 04:23:01,928 [INFO] IPUIPlugin:65 - create IPUIPlugin
2020-05-08 04:23:01,928 [INFO] PluginManager:200 - loadIPPluginJar : add ts
2020-05-08 04:23:01,975 [INFO] IPUIPlugin:65 - create IPUIPlugin
2020-05-08 04:23:01,975 [INFO] PluginManager:200 - loadIPPluginJar : add tsc
2020-05-08 04:23:02,022 [INFO] IPUIPlugin:65 - create IPUIPlugin
2020-05-08 04:23:02,022 [INFO] PluginManager:200 - loadIPPluginJar : add ucpd
2020-05-08 04:23:02,100 [INFO] IPUIPlugin:65 - create IPUIPlugin
2020-05-08 04:23:02,100 [INFO] PluginManager:200 - loadIPPluginJar : add usart
2020-05-08 04:23:02,959 [INFO] BoardConnectionPanel:3472 - [DDR PANEL] STM32CubeIDE environment
2020-05-08 04:23:02,959 [INFO] MainDdrPanel:103 - [DDR PANEL] GETTER - cubeProgrammerPath is: null
2020-05-08 04:23:03,321 [FATAL] Updater:277 - Updater called before beeing initialized
2020-05-08 04:23:03,914 [FATAL] Updater:277 - Updater called before beeing initialized
2020-05-08 04:23:03,914 [INFO] PinOutPanel:1420 - setPackage(No Configuration,No Configuration)
2020-05-08 04:23:03,914 [FATAL] Updater:277 - Updater called before beeing initialized
2020-05-08 04:23:03,946 [INFO] BoardConnectionPanel:3472 - [DDR PANEL] STM32CubeIDE environment
2020-05-08 04:23:03,946 [INFO] MainDdrPanel:103 - [DDR PANEL] GETTER - cubeProgrammerPath is: C:\ST\STM32CubeIDE_1.2.0\STM32CubeIDE\plugins\com.st.stm32cube.ide.mcu.externaltools.cubeprogrammer.win32_1.3.0.202002181050\tools\bin
2020-05-08 04:23:03,961 [INFO] ProgrammerExecThread:148 - [ProgrammerAPI] CubeProgrammer command construction: C:\ST\STM32CubeIDE_1.2.0\STM32CubeIDE\plugins\com.st.stm32cube.ide.mcu.externaltools.cubeprogrammer.win32_1.3.0.202002181050\tools\bin\STM32_Programmer_CLI.exe -l
2020-05-08 04:23:04,727 [FATAL] Updater:277 - Updater called before beeing initialized
2020-05-08 04:23:04,727 [ERROR] IntegrityCheckThread:252 - Cannot obtain thirdParties list 21
2020-05-08 04:23:04,727 [ERROR] IntegrityCheckThread:100 - Unexpected exception IntegrityCheckThread Thread: Updater error
2020-05-08 04:23:04,727 [INFO] ThirdPartyDb:261 - Close Third Party DataBase File (C:/Users/ERCAN/.stm32cubemx/plugins/thirdparty/db/thirdparties_db.xml)
2020-05-08 04:23:04,836 [INFO] MainDdrPanel:93 - [DDR PANEL] SETTER - Set cubeProgrammerPath to: C:\ST\STM32CubeIDE_1.2.0\STM32CubeIDE\plugins\com.st.stm32cube.ide.mcu.externaltools.cubeprogrammer.win32_1.3.0.202002181050\tools\bin
2020-05-08 04:23:05,039 [INFO] Updater:886 - Updater Version found : 5.6.1
2020-05-08 04:23:05,086 [INFO] ApplicationProperties:181 - Using Application install path: C:\ST\STM32CubeIDE_1.2.0\STM32CubeIDE\plugins\com.st.stm32cube.common.mx_5.6.1.202004052303
2020-05-08 04:23:05,258 [INFO] MainUpdater:452 - Copy updater definitions from MX database
2020-05-08 04:23:06,664 [INFO] MainUpdater:2230 - connection check result : 10
2020-05-08 04:23:06,680 [INFO] MainUpdater:2874 - Updater definition file requires update
2020-05-08 04:23:06,680 [INFO] MainUpdater:236 - Updater Check For Update Now.
2020-05-08 04:23:06,680 [INFO] MicroXplorer:420 - Change Database Version : DB.5.0.60
2020-05-08 04:23:07,461 [INFO] ServerAccessManage:348 - Download File updaters.zip
2020-05-08 04:23:07,992 [INFO] FileExtend:225 - Unzip File : updaters.zip
2020-05-08 04:23:07,992 [INFO] FileExtend:240 - Standard Zip Deflate
2020-05-08 04:23:12,457 [INFO] ServerAccessManage:348 - Download File PacksControlFlags.xml
2020-05-08 04:23:13,184 [INFO] ServerAccessManage:348 - Download File cubemx.pidx
2020-05-08 04:23:13,753 [INFO] LoadServerUpdatesThread:301 - End of LoadServerUpdate Thread
2020-05-08 04:23:13,900 [INFO] CheckServerUpdateThread:92 - End of CheckServer Thread
2020-05-08 04:23:13,937 [INFO] MainUpdater:2230 - connection check result : 10
2020-05-08 04:23:13,937 [INFO] LogOutputStream:76 - [STDOUT_REDIRECT] Successfull proxy connection.
2020-05-08 04:23:14,621 [INFO] McuFinderGlobals:40 - Set McuFinder mode to 2 (CubeIDE integrated)
2020-05-08 04:23:14,671 [INFO] FinderPluginLoader:86 - Searching for filters in installed packs
2020-05-08 04:23:14,671 [INFO] DbMcusXml:110 - Load MCU database from C:\ST\STM32CubeIDE_1.2.0\STM32CubeIDE\plugins\com.st.stm32cube.common.mx_5.6.1.202004052303\\db\/mcu/families.xml
2020-05-08 04:23:17,074 [INFO] DbMcusJson:90 - JSON generation date=Wed Apr 15 08:54:18 EET 2020 (1586930058)
2020-05-08 04:23:22,564 [INFO] DbMcus:171 - Found 1670 MCUs (1625 are supported by CubeMX, 1625 are visible in CubeMX)
2020-05-08 04:23:22,613 [INFO] ApiDb:158 - Load user favorites file C:\Users\ERCAN/.stm32cubeide/favorites.mcus.txt: 0 item(s)
2020-05-08 04:23:22,615 [INFO] ApiDb:163 - User favorites MCUs=[]
2020-05-08 04:23:22,615 [INFO] DbMcus:183 - Set 0 / 0 favorites MCUs
2020-05-08 04:23:25,828 [INFO] DbMcusAds:143 - JSON generation date=Thu Apr 30 16:50:56 EET 2020 (1588254656)
2020-05-08 04:23:26,188 [INFO] ServerAccessManage:348 - Download File 
2020-05-08 04:23:26,235 [INFO] LoadUrlFilesThread:161 - End of LoadServerUrlFiles without Thread
2020-05-08 04:23:26,281 [INFO] McuDetailPanel:181 - Set advertising image to C:/Users/ERCAN/STM32Cube/Repository/\PR_STM32Cube_GitHub_0320_V1.png
2020-05-08 04:23:27,813 [INFO] ServerAccessManage:348 - Download File mcusAds.json._tmp_
2020-05-08 04:23:27,969 [INFO] LoadUrlFilesThread:134 - End of LoadUrlFiles Thread
2020-05-08 04:23:29,016 [INFO] ServerAccessManage:348 - Download File mcusDocs.json._tmp_
2020-05-08 04:23:29,625 [INFO] LoadUrlFilesThread:134 - End of LoadUrlFiles Thread
2020-05-08 04:23:29,828 [INFO] ServerAccessManage:348 - Download File mcusFeaturesAndDescription.json._tmp_
2020-05-08 04:23:38,062 [INFO] LoadUrlFilesThread:134 - End of LoadUrlFiles Thread
2020-05-08 04:23:38,234 [INFO] ServerAccessManage:348 - Download File boardsDocs.json._tmp_
2020-05-08 04:23:38,453 [INFO] LoadUrlFilesThread:134 - End of LoadUrlFiles Thread
2020-05-08 04:23:38,625 [INFO] ServerAccessManage:348 - Download File boards.json._tmp_
2020-05-08 04:23:39,047 [INFO] LoadUrlFilesThread:134 - End of LoadUrlFiles Thread
2020-05-08 04:23:39,453 [INFO] ServerAccessManage:348 - Download File crdb.zip
2020-05-08 04:23:40,219 [INFO] FileExtend:225 - Unzip File : crdb.zip
2020-05-08 04:23:40,234 [INFO] FileExtend:240 - Standard Zip Deflate
2020-05-08 04:23:40,297 [INFO] LoadUrlFilesThread:134 - End of LoadUrlFiles Thread
2020-05-08 04:23:40,312 [INFO] DbMcusAds:143 - JSON generation date=Thu Apr 30 16:50:56 EET 2020 (1588254656)
2020-05-08 04:23:40,328 [INFO] DbMcusDocs:142 - JSON generation date=Thu Apr 16 17:39:08 EET 2020 (1587047948)
2020-05-08 04:23:40,859 [INFO] DbMcusDocs:77 - Found 563 MCUs documents
2020-05-08 04:23:40,859 [INFO] ApiDb:186 - Save user favorites file C:\Users\ERCAN/.stm32cubeide/favorites.mcus.txt: 0 item(s)
2020-05-08 04:23:40,859 [INFO] ApiDb:191 - User favorites MCUs=[]
2020-05-08 04:23:40,859 [INFO] DbMcusXml:110 - Load MCU database from C:\ST\STM32CubeIDE_1.2.0\STM32CubeIDE\plugins\com.st.stm32cube.common.mx_5.6.1.202004052303\\db\/mcu/families.xml
2020-05-08 04:23:42,469 [INFO] DbMcusJson:90 - JSON generation date=Wed Apr 15 08:54:18 EET 2020 (1586930058)
2020-05-08 04:23:44,187 [INFO] DbMcus:171 - Found 1670 MCUs (1625 are supported by CubeMX, 1625 are visible in CubeMX)
2020-05-08 04:23:44,187 [INFO] ApiDb:158 - Load user favorites file C:\Users\ERCAN/.stm32cubeide/favorites.mcus.txt: 0 item(s)
2020-05-08 04:23:44,203 [INFO] ApiDb:163 - User favorites MCUs=[]
2020-05-08 04:23:44,203 [INFO] DbMcus:183 - Set 0 / 0 favorites MCUs
2020-05-08 04:23:44,734 [INFO] McuFilterPanel:249 - Update 0 favorites MCUs
2020-05-08 04:23:48,125 [INFO] DbBoardsDocs:131 - JSON generation date=Wed Apr 15 08:54:18 EET 2020 (1586930058)
2020-05-08 04:23:48,265 [INFO] DbBoardsPdsc:92 - Found 22 items
2020-05-08 04:23:48,281 [INFO] DbBoardsPdsc:92 - Found 9 items
2020-05-08 04:23:48,328 [INFO] DbBoardsPdsc:92 - Found 28 items
2020-05-08 04:23:48,344 [INFO] DbBoardsPdsc:92 - Found 1 items
2020-05-08 04:23:48,375 [INFO] DbBoardsPdsc:92 - Found 40 items
2020-05-08 04:23:48,406 [INFO] DbBoardsPdsc:92 - Found 39 items
2020-05-08 04:23:48,437 [INFO] DbBoardsPdsc:92 - Found 2 items
2020-05-08 04:23:48,453 [INFO] DbBoardsPdsc:92 - Found 4 items
2020-05-08 04:23:48,469 [WARN] DbBoardsPdsc:256 - Board STM32H7B3I-DK: unknown feature type=Audio, name=, username=Audio stereo codec with Headphone Amp (CS42L51-CNZ), n=1
2020-05-08 04:23:48,469 [WARN] DbBoardsPdsc:256 - Board STM32H7B3I-DK: unknown feature type=WIFI, name=, username=WIFI 802.11 b/g/n, n=1
2020-05-08 04:23:48,469 [WARN] DbBoardsPdsc:256 - Board STM32H7B3I-EVAL: unknown feature type=Audio, name=, username=Multi-Channel Audio Codec (CS42L51-CNZ), n=1
2020-05-08 04:23:48,469 [WARN] DbBoardsPdsc:256 - Board STM32H7B3I-EVAL: unknown feature type=Meter, name=, username=Power-metering and Temperature-monitoring with sigma-delta modulators, n=1
2020-05-08 04:23:48,469 [WARN] DbBoardsPdsc:256 - Board STM32H7B3I-EVAL: unknown feature type=WIFI, name=, username=WIFI 802.11 a/b/g/n, n=1
2020-05-08 04:23:48,484 [WARN] DbBoardsPdsc:256 - Board STM32H7B3I-EVAL: unknown feature type=Motor, name=, username=Motor Control, n=1
2020-05-08 04:23:48,531 [INFO] DbBoardsJson:80 - JSON generation date=Tue Feb 11 16:53:55 EET 2020 (1581429235)
2020-05-08 04:23:48,562 [INFO] DbBoards:120 - Found 145 boards (142 are supported by CubeMX)
2020-05-08 04:23:48,578 [INFO] DbBoardsDocs:131 - JSON generation date=Wed Apr 15 08:54:18 EET 2020 (1586930058)
2020-05-08 04:23:48,594 [INFO] DbBoardsDocs:70 - Found 157 boards documents
2020-05-08 04:23:48,609 [WARN] DbBoards:130 - board NUCLEO-H743ZI2 has no document id list !
2020-05-08 04:23:48,609 [WARN] DbBoards:130 - board NUCLEO-L4P5ZG has no document id list !
2020-05-08 04:23:48,609 [WARN] DbBoards:130 - board P-NUCLEO-WB55-Nucleo has no document id list !
2020-05-08 04:23:48,609 [WARN] DbBoards:130 - board P-NUCLEO-WB55-USBDongle has no document id list !
2020-05-08 04:23:48,609 [WARN] DbBoards:130 - board NUCLEO-WB35CE has no document id list !
2020-05-08 04:23:48,609 [WARN] DbBoards:130 - board STM32F401C-DISCO has no document id list !
2020-05-08 04:23:48,609 [WARN] DbBoards:130 - board STM32F769I-DISC1 has no document id list !
2020-05-08 04:23:48,609 [WARN] DbBoards:152 - board STM32F723E-DISCO / document id not found: 4598
2020-05-08 04:23:48,609 [WARN] DbBoards:130 - board STM32L-DISCOVERY has no document id list !
2020-05-08 04:23:48,609 [WARN] DbBoards:152 - board STM32L496G-DISCO / document id not found: 4598
2020-05-08 04:23:48,609 [WARN] DbBoards:152 - board STM32H747I-DISCO / document id not found: 4598
2020-05-08 04:23:48,609 [WARN] DbBoards:130 - board STM32H747I-DISC1 has no document id list !
2020-05-08 04:23:48,609 [WARN] DbBoards:152 - board STM32H745I-DISCO / document id not found: 4598
2020-05-08 04:23:48,609 [WARN] DbBoards:152 - board STM32H750B-DK / document id not found: 4598
2020-05-08 04:23:48,609 [WARN] DbBoards:152 - board STM32H7B3I-DK / document id not found: 4598
2020-05-08 04:23:48,609 [WARN] DbBoards:152 - board STM32L4R9I-DISCO / document id not found: 4598
2020-05-08 04:23:48,609 [WARN] DbBoards:130 - board STM32MP157A-DK1 has no document id list !
2020-05-08 04:23:48,625 [WARN] DbBoards:152 - board STM32L562E-DK / document id not found: 4598
2020-05-08 04:23:48,625 [WARN] DbBoards:130 - board STM32L4P5G-DK has no document id list !
2020-05-08 04:23:48,625 [WARN] DbBoards:130 - board STM32091C-EVAL has no document id list !
2020-05-08 04:23:48,625 [WARN] DbBoards:130 - board STM3210C-EVAL has no document id list !
2020-05-08 04:23:48,625 [WARN] DbBoards:130 - board STM32100E-EVAL has no document id list !
2020-05-08 04:23:48,625 [WARN] DbBoards:130 - board STM3221G-EVAL has no document id list !
2020-05-08 04:23:48,625 [WARN] DbBoards:130 - board STM32303C-EVAL has no document id list !
2020-05-08 04:23:48,625 [WARN] DbBoards:130 - board STM32L152D-EVAL has no document id list !
2020-05-08 04:23:48,625 [WARN] DbBoards:130 - board STM32746G-EVAL2 has no document id list !
2020-05-08 04:23:48,625 [WARN] DbBoards:130 - board STM32F779I-EVAL has no document id list !
2020-05-08 04:23:48,625 [WARN] DbBoards:130 - board STM32479I-EVAL has no document id list !
2020-05-08 04:23:48,625 [WARN] DbBoards:130 - board STM32H743I-EVAL2 has no document id list !
2020-05-08 04:23:48,625 [WARN] DbBoards:152 - board STM32H7B3I-EVAL / document id not found: 4596
2020-05-08 04:23:48,625 [WARN] DbBoards:130 - board STM32H753I-EVAL2 has no document id list !
2020-05-08 04:23:48,625 [WARN] DbBoards:130 - board STM32G474E-EVAL1 has no document id list !
2020-05-08 04:23:48,625 [WARN] DbBoards:130 - board STEVAL-BFA001V1B has no document id list !
2020-05-08 04:23:48,625 [WARN] DbBoards:130 - board STEVAL-BFA001V2B has no document id list !
2020-05-08 04:23:48,625 [WARN] DbBoards:130 - board STEVAL-MKSBOX1V1 has no document id list !
2020-05-08 04:23:48,625 [WARN] DbBoards:130 - board STEVAL-STWINKT1 has no document id list !
2020-05-08 04:23:48,625 [WARN] DbBoards:130 - board STEVAL-IDP005V1 has no document id list !
2020-05-08 04:23:48,625 [WARN] DbBoards:130 - board STEVAL-IDP005V2 has no document id list !
2020-05-08 04:23:52,328 [INFO] ApiDb:158 - Load user favorites file C:\Users\ERCAN/.stm32cubeide/favorites.boards.txt: 0 item(s)
2020-05-08 04:23:52,328 [INFO] ApiDb:163 - User favorites Boards=[]
2020-05-08 04:23:52,328 [INFO] DbBoards:209 - Set 0 / 0 favorites Boards
2020-05-08 04:23:52,343 [INFO] DbBoardsDocs:70 - Found 314 boards documents
2020-05-08 04:23:52,343 [INFO] ApiDb:186 - Save user favorites file C:\Users\ERCAN/.stm32cubeide/favorites.boards.txt: 0 item(s)
2020-05-08 04:23:52,343 [INFO] ApiDb:191 - User favorites Boards=[]
2020-05-08 04:23:52,359 [INFO] DbBoardsPdsc:92 - Found 22 items
2020-05-08 04:23:52,359 [INFO] DbBoardsPdsc:92 - Found 9 items
2020-05-08 04:23:52,375 [INFO] DbBoardsPdsc:92 - Found 28 items
2020-05-08 04:23:52,375 [INFO] DbBoardsPdsc:92 - Found 1 items
2020-05-08 04:23:52,390 [INFO] DbBoardsPdsc:92 - Found 40 items
2020-05-08 04:23:52,390 [INFO] DbBoardsPdsc:92 - Found 39 items
2020-05-08 04:23:52,406 [INFO] DbBoardsPdsc:92 - Found 2 items
2020-05-08 04:23:52,406 [INFO] DbBoardsPdsc:92 - Found 4 items
2020-05-08 04:23:52,406 [WARN] DbBoardsPdsc:256 - Board STM32H7B3I-DK: unknown feature type=Audio, name=, username=Audio stereo codec with Headphone Amp (CS42L51-CNZ), n=1
2020-05-08 04:23:52,406 [WARN] DbBoardsPdsc:256 - Board STM32H7B3I-DK: unknown feature type=WIFI, name=, username=WIFI 802.11 b/g/n, n=1
2020-05-08 04:23:52,422 [WARN] DbBoardsPdsc:256 - Board STM32H7B3I-EVAL: unknown feature type=Audio, name=, username=Multi-Channel Audio Codec (CS42L51-CNZ), n=1
2020-05-08 04:23:52,422 [WARN] DbBoardsPdsc:256 - Board STM32H7B3I-EVAL: unknown feature type=Meter, name=, username=Power-metering and Temperature-monitoring with sigma-delta modulators, n=1
2020-05-08 04:23:52,422 [WARN] DbBoardsPdsc:256 - Board STM32H7B3I-EVAL: unknown feature type=WIFI, name=, username=WIFI 802.11 a/b/g/n, n=1
2020-05-08 04:23:52,422 [WARN] DbBoardsPdsc:256 - Board STM32H7B3I-EVAL: unknown feature type=Motor, name=, username=Motor Control, n=1
2020-05-08 04:23:52,500 [INFO] DbBoardsJson:80 - JSON generation date=Tue Feb 11 16:53:55 EET 2020 (1581429235)
2020-05-08 04:23:52,500 [INFO] DbBoards:120 - Found 145 boards (142 are supported by CubeMX)
2020-05-08 04:23:52,500 [WARN] DbBoards:130 - board NUCLEO-H743ZI2 has no document id list !
2020-05-08 04:23:52,515 [WARN] DbBoards:130 - board NUCLEO-L4P5ZG has no document id list !
2020-05-08 04:23:52,515 [WARN] DbBoards:130 - board P-NUCLEO-WB55-Nucleo has no document id list !
2020-05-08 04:23:52,515 [WARN] DbBoards:130 - board P-NUCLEO-WB55-USBDongle has no document id list !
2020-05-08 04:23:52,515 [WARN] DbBoards:130 - board NUCLEO-WB35CE has no document id list !
2020-05-08 04:23:52,515 [WARN] DbBoards:130 - board STM32F401C-DISCO has no document id list !
2020-05-08 04:23:52,515 [WARN] DbBoards:130 - board STM32F769I-DISC1 has no document id list !
2020-05-08 04:23:52,515 [WARN] DbBoards:152 - board STM32F723E-DISCO / document id not found: 4598
2020-05-08 04:23:52,515 [WARN] DbBoards:130 - board STM32L-DISCOVERY has no document id list !
2020-05-08 04:23:52,515 [WARN] DbBoards:152 - board STM32L496G-DISCO / document id not found: 4598
2020-05-08 04:23:52,515 [WARN] DbBoards:152 - board STM32H747I-DISCO / document id not found: 4598
2020-05-08 04:23:52,515 [WARN] DbBoards:130 - board STM32H747I-DISC1 has no document id list !
2020-05-08 04:23:52,515 [WARN] DbBoards:152 - board STM32H745I-DISCO / document id not found: 4598
2020-05-08 04:23:52,515 [WARN] DbBoards:152 - board STM32H750B-DK / document id not found: 4598
2020-05-08 04:23:52,515 [WARN] DbBoards:152 - board STM32H7B3I-DK / document id not found: 4598
2020-05-08 04:23:52,515 [WARN] DbBoards:152 - board STM32L4R9I-DISCO / document id not found: 4598
2020-05-08 04:23:52,515 [WARN] DbBoards:130 - board STM32MP157A-DK1 has no document id list !
2020-05-08 04:23:52,515 [WARN] DbBoards:152 - board STM32L562E-DK / document id not found: 4598
2020-05-08 04:23:52,515 [WARN] DbBoards:130 - board STM32L4P5G-DK has no document id list !
2020-05-08 04:23:52,515 [WARN] DbBoards:130 - board STM32091C-EVAL has no document id list !
2020-05-08 04:23:52,515 [WARN] DbBoards:130 - board STM3210C-EVAL has no document id list !
2020-05-08 04:23:52,515 [WARN] DbBoards:130 - board STM32100E-EVAL has no document id list !
2020-05-08 04:23:52,515 [WARN] DbBoards:130 - board STM3221G-EVAL has no document id list !
2020-05-08 04:23:52,515 [WARN] DbBoards:130 - board STM32303C-EVAL has no document id list !
2020-05-08 04:23:52,515 [WARN] DbBoards:130 - board STM32L152D-EVAL has no document id list !
2020-05-08 04:23:52,531 [WARN] DbBoards:130 - board STM32746G-EVAL2 has no document id list !
2020-05-08 04:23:52,531 [WARN] DbBoards:130 - board STM32F779I-EVAL has no document id list !
2020-05-08 04:23:52,531 [WARN] DbBoards:130 - board STM32479I-EVAL has no document id list !
2020-05-08 04:23:52,531 [WARN] DbBoards:130 - board STM32H743I-EVAL2 has no document id list !
2020-05-08 04:23:52,531 [WARN] DbBoards:152 - board STM32H7B3I-EVAL / document id not found: 4596
2020-05-08 04:23:52,531 [WARN] DbBoards:130 - board STM32H753I-EVAL2 has no document id list !
2020-05-08 04:23:52,531 [WARN] DbBoards:130 - board STM32G474E-EVAL1 has no document id list !
2020-05-08 04:23:52,531 [WARN] DbBoards:130 - board STEVAL-BFA001V1B has no document id list !
2020-05-08 04:23:52,531 [WARN] DbBoards:130 - board STEVAL-BFA001V2B has no document id list !
2020-05-08 04:23:52,531 [WARN] DbBoards:130 - board STEVAL-MKSBOX1V1 has no document id list !
2020-05-08 04:23:52,531 [WARN] DbBoards:130 - board STEVAL-STWINKT1 has no document id list !
2020-05-08 04:23:52,531 [WARN] DbBoards:130 - board STEVAL-IDP005V1 has no document id list !
2020-05-08 04:23:52,531 [WARN] DbBoards:130 - board STEVAL-IDP005V2 has no document id list !
2020-05-08 04:23:53,843 [INFO] ApiDb:158 - Load user favorites file C:\Users\ERCAN/.stm32cubeide/favorites.boards.txt: 0 item(s)
2020-05-08 04:23:53,843 [INFO] ApiDb:163 - User favorites Boards=[]
2020-05-08 04:23:53,843 [INFO] DbBoards:209 - Set 0 / 0 favorites Boards
2020-05-08 04:23:54,140 [INFO] LoadUrlFilesThread:161 - End of LoadServerUrlFiles without Thread
2020-05-08 04:23:54,140 [INFO] MultiScanPanel:739 - Refresh data is succesful
2020-05-08 04:23:54,156 [INFO] McuFilterPanel:249 - Update 0 favorites MCUs
2020-05-08 04:23:55,937 [INFO] LoadUrlFilesThread:161 - End of LoadServerUrlFiles without Thread
2020-05-08 04:23:55,937 [INFO] BoardDetailPanel:180 - Set advertising image to C:/Users/ERCAN/STM32Cube/Repository/\PR_STM32Cube_GitHub_0320_V1.png
2020-05-08 04:23:56,031 [INFO] BoardFilterPanel:211 - Update 0 favorites Boards
2020-05-08 04:23:59,265 [INFO] CrossSelectorPresenter:1319 - Cross Selector saved comparison directory: C:\Users\ERCAN\.stmcufinder\plugins\mcufinder\mcu\cs_comparisons_mx
2020-05-08 04:25:09,826 [INFO] MainUpdater:2230 - connection check result : 10
2020-05-08 04:25:09,826 [INFO] LogOutputStream:76 - [STDOUT_REDIRECT] Successfull proxy connection.
2020-05-08 04:25:09,904 [INFO] McuFinderGlobals:40 - Set McuFinder mode to 2 (CubeIDE integrated)
2020-05-08 04:25:09,904 [INFO] FinderPluginLoader:86 - Searching for filters in installed packs
2020-05-08 04:25:11,060 [INFO] LoadUrlFilesThread:161 - End of LoadServerUrlFiles without Thread
2020-05-08 04:25:11,060 [INFO] McuDetailPanel:181 - Set advertising image to C:/Users/ERCAN/STM32Cube/Repository/\PR_STM32Cube_GitHub_0320_V1.png
2020-05-08 04:25:11,482 [INFO] McuFilterPanel:249 - Update 0 favorites MCUs
2020-05-08 04:25:11,763 [INFO] LoadUrlFilesThread:161 - End of LoadServerUrlFiles without Thread
2020-05-08 04:25:11,763 [INFO] BoardDetailPanel:180 - Set advertising image to C:/Users/ERCAN/STM32Cube/Repository/\PR_STM32Cube_GitHub_0320_V1.png
2020-05-08 04:25:11,795 [INFO] BoardFilterPanel:211 - Update 0 favorites Boards
2020-05-08 04:25:11,842 [INFO] CrossSelectorPresenter:1319 - Cross Selector saved comparison directory: C:\Users\ERCAN\.stmcufinder\plugins\mcufinder\mcu\cs_comparisons_mx
2020-05-08 04:25:38,060 [INFO] McuResultTable:750 - Mark MCU STM32F407VGTx as favorite
2020-05-08 04:25:38,654 [INFO] McuResultTable:750 - Unmark MCU STM32F407VGTx as favorite
2020-05-08 04:25:39,607 [INFO] McuResultTable:750 - Mark MCU STM32F407VGTx as favorite
2020-05-08 04:25:55,179 [INFO] LogOutputStream:76 - [STDOUT_REDIRECT] withoutVersionV1.25.0
2020-05-08 04:25:56,351 [INFO] LogOutputStream:76 - [STDOUT_REDIRECT] File copied successfully!!
2020-05-08 04:26:02,211 [INFO] MainUpdater:2230 - connection check result : 10
2020-05-08 04:26:02,336 [INFO] MicroXplorer:390 - Change Database Path : 
2020-05-08 04:26:02,336 [INFO] MicroXplorer:420 - Change Database Version : DB.5.0.60
2020-05-08 04:26:02,351 [INFO] PinOutPanel:1420 - setPackage(No Configuration,No Configuration)
2020-05-08 04:26:02,351 [INFO] UtilMem:74 - Begin LoadConfig() Used Memory: 506890640 Bytes (901775360)
2020-05-08 04:26:02,351 [INFO] MicroXplorer:390 - Change Database Path : 
2020-05-08 04:26:02,351 [INFO] MicroXplorer:420 - Change Database Version : DB.5.0.60
2020-05-08 04:26:02,351 [INFO] OpenFileManager:274 - Change cursor
2020-05-08 04:26:09,217 [INFO] ImportTextPane:162 - (OptionalMessage_ERROR) Unable to find key (Mcu.ThirdPartyNb) in loaded IOC file
2020-05-08 04:26:09,217 [INFO] ImportTextPane:162 - (OptionalMessage_ERROR) Unable to find key (Mcu.PinsNb) in loaded IOC file
2020-05-08 04:26:09,217 [INFO] ImportTextPane:162 - (OptionalMessage_ERROR) Unable to find key (Mcu.IPNb) in loaded IOC file
2020-05-08 04:26:10,076 [INFO] UtilMem:74 - End LoadConfig() Used Memory: 741312528 Bytes (901775360)
2020-05-08 04:26:10,108 [INFO] ThirdPartyDb:295 - Open Third Party DataBase File (C:/Users/ERCAN/.stm32cubemx/plugins/thirdparty/db/thirdparties_db.xml) : 16 ms. number of Sw pack : 8
2020-05-08 04:26:10,404 [INFO] ThirdParty:899 - CMSIS Pack Vendor :STMicroelectronics X-CUBE-BLE1 4.4.0
2020-05-08 04:26:10,404 [INFO] ThirdParty:899 - CMSIS Pack Vendor :STMicroelectronics X-CUBE-MEMS1 7.0.0
2020-05-08 04:26:10,404 [INFO] ThirdParty:899 - CMSIS Pack Vendor :STMicroelectronics X-CUBE-NFC4 1.4.0
2020-05-08 04:26:10,404 [INFO] ThirdParty:899 - CMSIS Pack Vendor :STMicroelectronics X-CUBE-GNSS1 3.0.0
2020-05-08 04:26:10,404 [INFO] ThirdParty:899 - CMSIS Pack Vendor :STMicroelectronics FreeRTOS 0.0.1
2020-05-08 04:26:10,404 [INFO] ThirdParty:899 - CMSIS Pack Vendor :STMicroelectronics X-CUBE-MEMS1 6.2.0
2020-05-08 04:26:10,404 [INFO] ThirdParty:899 - CMSIS Pack Vendor :STMicroelectronics X-CUBE-AI 5.0.0
2020-05-08 04:26:10,404 [INFO] ThirdParty:899 - CMSIS Pack Vendor :STMicroelectronics X-CUBE-AI 4.0.0
2020-05-08 04:26:11,186 [INFO] PinOutPanel:1420 - setPackage(No Configuration,No Configuration)
2020-05-08 04:26:11,186 [INFO] PinOutPanel:1420 - setPackage(STM32F407VGTx,LQFP100)
2020-05-08 04:26:12,373 [INFO] UtilMem:74 - Before build in PCC Used Memory: 417076088 Bytes (901775360)
2020-05-08 04:26:13,826 [INFO] SharedServices:71 - Folder for power plug-in: C:/Users/ERCAN/.stm32cubemx/plugins/power
2020-05-08 04:26:14,061 [INFO] SharedServices:71 - Folder for power plug-in: C:/Users/ERCAN/.stm32cubemx/plugins/power
2020-05-08 04:26:14,279 [INFO] SharedServices:71 - Folder for power plug-in: C:/Users/ERCAN/.stm32cubemx/plugins/power
2020-05-08 04:26:14,295 [INFO] SharedServices:71 - Folder for power plug-in: C:/Users/ERCAN/.stm32cubemx/plugins/power
2020-05-08 04:26:14,858 [INFO] UtilMem:74 - After build in PCC Used Memory: 477893712 Bytes (901775360)
2020-05-08 04:26:14,920 [INFO] IPUIPlugin:65 - create IPUIPlugin
2020-05-08 04:26:14,920 [INFO] IPUIPlugin:65 - create IPUIPlugin
2020-05-08 04:26:14,920 [INFO] IPUIPlugin:65 - create IPUIPlugin
2020-05-08 04:26:14,920 [INFO] IPUIPlugin:65 - create IPUIPlugin
2020-05-08 04:26:14,920 [INFO] IPUIPlugin:65 - create IPUIPlugin
2020-05-08 04:26:14,920 [INFO] IPUIPlugin:65 - create IPUIPlugin
2020-05-08 04:26:14,920 [INFO] IPUIPlugin:65 - create IPUIPlugin
2020-05-08 04:26:14,920 [INFO] IPUIPlugin:65 - create IPUIPlugin
2020-05-08 04:26:14,920 [INFO] IPUIPlugin:65 - create IPUIPlugin
2020-05-08 04:26:14,920 [INFO] IPUIPlugin:65 - create IPUIPlugin
2020-05-08 04:26:14,920 [INFO] IPUIPlugin:65 - create IPUIPlugin
2020-05-08 04:26:14,920 [INFO] IPUIPlugin:65 - create IPUIPlugin
2020-05-08 04:26:14,920 [INFO] IPUIPlugin:65 - create IPUIPlugin
2020-05-08 04:26:14,920 [INFO] IPUIPlugin:65 - create IPUIPlugin
2020-05-08 04:26:14,920 [INFO] IPUIPlugin:65 - create IPUIPlugin
2020-05-08 04:26:14,920 [INFO] IPUIPlugin:65 - create IPUIPlugin
2020-05-08 04:26:14,920 [INFO] IPUIPlugin:65 - create IPUIPlugin
2020-05-08 04:26:14,920 [INFO] IPUIPlugin:65 - create IPUIPlugin
2020-05-08 04:26:14,920 [INFO] IPUIPlugin:65 - create IPUIPlugin
2020-05-08 04:26:14,920 [INFO] IPUIPlugin:65 - create IPUIPlugin
2020-05-08 04:26:14,920 [INFO] IPUIPlugin:65 - create IPUIPlugin
2020-05-08 04:26:14,920 [INFO] IPUIPlugin:65 - create IPUIPlugin
2020-05-08 04:26:14,936 [INFO] IPUIPlugin:65 - create IPUIPlugin
2020-05-08 04:26:14,936 [INFO] IPUIPlugin:65 - create IPUIPlugin
2020-05-08 04:26:14,936 [INFO] IPUIPlugin:65 - create IPUIPlugin
2020-05-08 04:26:14,936 [INFO] IPUIPlugin:65 - create IPUIPlugin
2020-05-08 04:26:14,936 [INFO] IPUIPlugin:65 - create IPUIPlugin
2020-05-08 04:26:14,936 [INFO] IPUIPlugin:65 - create IPUIPlugin
2020-05-08 04:26:14,936 [INFO] IPUIPlugin:65 - create IPUIPlugin
2020-05-08 04:26:14,936 [INFO] IPUIPlugin:65 - create IPUIPlugin
2020-05-08 04:26:14,936 [INFO] IPUIPlugin:65 - create IPUIPlugin
2020-05-08 04:26:14,936 [INFO] IPUIPlugin:65 - create IPUIPlugin
2020-05-08 04:26:14,936 [INFO] IPUIPlugin:65 - create IPUIPlugin
2020-05-08 04:26:14,936 [INFO] IPUIPlugin:65 - create IPUIPlugin
2020-05-08 04:26:14,936 [INFO] IPUIPlugin:65 - create IPUIPlugin
2020-05-08 04:26:14,936 [INFO] IPUIPlugin:65 - create IPUIPlugin
2020-05-08 04:26:14,936 [INFO] IPUIPlugin:65 - create IPUIPlugin
2020-05-08 04:26:14,936 [INFO] IPUIPlugin:65 - create IPUIPlugin
2020-05-08 04:26:14,936 [INFO] IPUIPlugin:65 - create IPUIPlugin
2020-05-08 04:26:14,936 [INFO] IPUIPlugin:65 - create IPUIPlugin
2020-05-08 04:26:14,936 [INFO] IPUIPlugin:65 - create IPUIPlugin
2020-05-08 04:26:14,936 [INFO] IPUIPlugin:65 - create IPUIPlugin
2020-05-08 04:26:14,936 [INFO] IPUIPlugin:65 - create IPUIPlugin
2020-05-08 04:26:14,936 [INFO] IPUIPlugin:65 - create IPUIPlugin
2020-05-08 04:26:14,936 [INFO] IPUIPlugin:65 - create IPUIPlugin
2020-05-08 04:26:14,936 [INFO] IPUIPlugin:65 - create IPUIPlugin
2020-05-08 04:26:14,936 [INFO] IPUIPlugin:65 - create IPUIPlugin
2020-05-08 04:26:14,936 [INFO] IPUIPlugin:65 - create IPUIPlugin
2020-05-08 04:26:14,936 [INFO] IPUIPlugin:65 - create IPUIPlugin
2020-05-08 04:26:14,951 [INFO] IPUIPlugin:65 - create IPUIPlugin
2020-05-08 04:26:14,951 [INFO] IPUIPlugin:65 - create IPUIPlugin
2020-05-08 04:26:14,951 [INFO] IPUIPlugin:65 - create IPUIPlugin
2020-05-08 04:26:14,951 [INFO] IPUIPlugin:65 - create IPUIPlugin
2020-05-08 04:26:14,951 [INFO] IPUIPlugin:65 - create IPUIPlugin
2020-05-08 04:26:14,951 [INFO] IPUIPlugin:65 - create IPUIPlugin
2020-05-08 04:26:14,951 [INFO] IPUIPlugin:65 - create IPUIPlugin
2020-05-08 04:26:14,951 [INFO] IPUIPlugin:65 - create IPUIPlugin
2020-05-08 04:26:14,951 [INFO] IPUIPlugin:65 - create IPUIPlugin
2020-05-08 04:26:15,045 [INFO] LogOutputStream:76 - [STDOUT_REDIRECT] toolchainItems.length=====1
2020-05-08 04:26:15,295 [INFO] OpenFileManager:294 - Restore cursor
2020-05-08 04:26:16,029 [INFO] UtilMem:74 - End SaveConfig() Used Memory: 524553088 Bytes (901775360)
2020-05-08 04:26:16,701 [INFO] ServerAccessManage:348 - Download File stm32cube_fw_f4_v1250.zip
2020-05-08 04:36:33,215 [INFO] FileExtend:225 - Unzip File : stm32cube_fw_f4_v1250.zip
2020-05-08 04:36:33,293 [INFO] FileExtend:240 - Standard Zip Deflate
2020-05-08 04:45:26,575 [INFO] LoadServerPackagesThread:160 - End of LoadServerPackages Thread
2020-05-08 04:45:26,763 [INFO] CheckServerUpdateThread:92 - End of CheckServer Thread
2020-05-08 04:45:26,950 [INFO] UtilMem:74 - End SaveConfig() Used Memory: 348964640 Bytes (1073741824)
2020-05-08 04:45:29,185 [INFO] BlockDiagram:2671 - set Specific Code input for plugin: SYS
2020-05-08 04:45:29,185 [INFO] BlockDiagram:2671 - set Specific Code input for plugin: NVIC
2020-05-08 04:45:29,247 [INFO] CodeGenerator:603 - code generatio: config db path: C:\ST\STM32CubeIDE_1.2.0\STM32CubeIDE\plugins\com.st.stm32cube.common.mx_5.6.1.202004052303\\db\
2020-05-08 04:45:30,732 [INFO] CodeEngine:188 - oldGeneratedFile, A:\ERCAN\code2\test\MXTmpFiles\license.tmp_save
2020-05-08 04:45:32,200 [INFO] CodeEngine:206 - Generated code: A:\ERCAN\code2\test\MXTmpFiles\license.tmp
2020-05-08 04:45:33,278 [INFO] LogOutputStream:76 - [STDOUT_REDIRECT] Debug : prepare data for NVIC
2020-05-08 04:45:33,278 [INFO] LogOutputStream:76 - [STDOUT_REDIRECT] Command line test
2020-05-08 04:45:33,513 [INFO] CodeEngine:188 - oldGeneratedFile, A:\ERCAN\code2\test\Core\Src\stm32f4xx_it.c_save
2020-05-08 04:45:35,169 [INFO] CodeEngine:206 - Generated code: A:\ERCAN\code2\test\Core\Src\stm32f4xx_it.c
2020-05-08 04:45:35,544 [INFO] CodeEngine:188 - oldGeneratedFile, A:\ERCAN\code2\test\Core\Inc\stm32f4xx_it.h_save
2020-05-08 04:45:36,231 [INFO] CodeEngine:206 - Generated code: A:\ERCAN\code2\test\Core\Inc\stm32f4xx_it.h
2020-05-08 04:45:36,372 [INFO] CodeEngine:188 - oldGeneratedFile, A:\ERCAN\code2\test\Core\Src\stm32f4xx_hal_msp.c_save
2020-05-08 04:45:36,888 [INFO] CodeEngine:206 - Generated code: A:\ERCAN\code2\test\Core\Src\stm32f4xx_hal_msp.c
2020-05-08 04:45:36,997 [INFO] CodeEngine:188 - oldGeneratedFile, A:\ERCAN\code2\test\MXTmpFiles\system.tmp_save
2020-05-08 04:45:37,356 [INFO] CodeEngine:206 - Generated code: A:\ERCAN\code2\test\MXTmpFiles\system.tmp
2020-05-08 04:45:37,497 [INFO] CodeEngine:188 - oldGeneratedFile, A:\ERCAN\code2\test\Core\Inc\stm32f4xx_hal_conf.h_save
2020-05-08 04:45:37,981 [INFO] CodeEngine:206 - Generated code: A:\ERCAN\code2\test\Core\Inc\stm32f4xx_hal_conf.h
2020-05-08 04:45:38,185 [INFO] CodeEngine:188 - oldGeneratedFile, A:\ERCAN\code2\test\Core\Inc\main.h_save
2020-05-08 04:45:38,778 [INFO] CodeEngine:206 - Generated code: A:\ERCAN\code2\test\Core\Inc\main.h
2020-05-08 04:45:38,903 [INFO] CodeEngine:188 - oldGeneratedFile, A:\ERCAN\code2\test\Core\Src\main.c_save
2020-05-08 04:45:39,653 [INFO] CodeEngine:206 - Generated code: A:\ERCAN\code2\test\Core\Src\main.c
2020-05-08 04:45:45,716 [INFO] ProjectBuilder:2002 - Time for Copy HAL[1] : 1641mS.
2020-05-08 04:45:45,731 [INFO] ProjectBuilder:2727 - Project Generator version: 3.7.1
2020-05-08 04:45:46,637 [INFO] ConfigFileManager:1066 - The Die is : DIE413
2020-05-08 04:46:36,645 [INFO] ProjectBuilder:2894 - Time for Generating toolchain IDE Files: 50914mS.
2020-05-08 04:46:36,645 [INFO] ProjectBuilder:1878 - Time for Copy CMSIS : 0mS.
2020-05-08 04:46:36,655 [INFO] ProjectBuilder:1878 - Time for Copy CMSIS : 0mS.
2020-05-08 17:35:24,919 [INFO] Activator:176 - 


2020-05-08 17:35:24,937 [INFO] Activator:177 - !SESSION log4j initialized
2020-05-08 17:36:38,255 [INFO] ApplicationProperties:181 - Using Application install path: C:\ST\STM32CubeIDE_1.2.0\STM32CubeIDE\plugins\com.st.stm32cube.common.mx_5.6.1.202004052303
2020-05-08 17:36:38,271 [INFO] DbMcusXml:72 - Set database path to: C:\ST\STM32CubeIDE_1.2.0\STM32CubeIDE\plugins\com.st.stm32cube.common.mx_5.6.1.202004052303\\db\/mcu/
2020-05-08 17:36:38,287 [INFO] DbBoardsPdsc:54 - Set plugin database path to: C:\ST\STM32CubeIDE_1.2.0\STM32CubeIDE\plugins\com.st.stm32cube.common.mx_5.6.1.202004052303\\db\/plugins/boardmanager/
2020-05-08 17:36:38,287 [INFO] DbMcus:235 - Set plugin images path to: C:\ST\STM32CubeIDE_1.2.0\STM32CubeIDE\plugins\com.st.stm32cube.common.mx_5.6.1.202004052303\\db\/plugins/mcufinder/images/
2020-05-08 17:36:38,287 [INFO] DbBoards:232 - Set plugin images path to: C:\ST\STM32CubeIDE_1.2.0\STM32CubeIDE\plugins\com.st.stm32cube.common.mx_5.6.1.202004052303\\db\/plugins/mcufinder/images/
2020-05-08 17:36:38,318 [INFO] DbMcusAds:85 - Set database path to: C:\Users\ERCAN\.stmcufinder\plugins\mcufinder//mcu/
2020-05-08 17:36:38,324 [INFO] DbMcusDocs:108 - Set database path to: C:\Users\ERCAN\.stmcufinder\plugins\mcufinder//mcu/
2020-05-08 17:36:38,324 [INFO] DbMcusJson:61 - Set database path to: C:\Users\ERCAN\.stmcufinder\plugins\mcufinder//mcu/
2020-05-08 17:36:38,324 [INFO] DbBoardsDocs:97 - Set database path to: C:\Users\ERCAN\.stmcufinder\plugins\mcufinder//mcu/
2020-05-08 17:36:38,324 [INFO] DbBoardsJson:51 - Set database path to: C:\Users\ERCAN\.stmcufinder\plugins\mcufinder//mcu/
2020-05-08 17:36:38,424 [INFO] CrossReferenceDbSqlite:197 - Set database path to: C:\Users\ERCAN\.stmcufinder\plugins\mcufinder//mcu/cs/
2020-05-08 17:36:38,672 [INFO] RulesReader:52 - Compatibility file has been processed (208 Rules)
2020-05-08 17:36:38,973 [INFO] MicroXplorer:570 - Detected Java Version = 1.8.0_202
2020-05-08 17:36:38,973 [INFO] DbMcusXml:72 - Set database path to: C:\ST\STM32CubeIDE_1.2.0\STM32CubeIDE\plugins\com.st.stm32cube.common.mx_5.6.1.202004052303\\db\/mcu/
2020-05-08 17:36:38,973 [INFO] DbBoardsPdsc:54 - Set plugin database path to: C:\ST\STM32CubeIDE_1.2.0\STM32CubeIDE\plugins\com.st.stm32cube.common.mx_5.6.1.202004052303\\db\/plugins/boardmanager/
2020-05-08 17:36:38,973 [INFO] DbMcus:235 - Set plugin images path to: C:\ST\STM32CubeIDE_1.2.0\STM32CubeIDE\plugins\com.st.stm32cube.common.mx_5.6.1.202004052303\\db\/plugins/mcufinder/images/
2020-05-08 17:36:38,973 [INFO] DbBoards:232 - Set plugin images path to: C:\ST\STM32CubeIDE_1.2.0\STM32CubeIDE\plugins\com.st.stm32cube.common.mx_5.6.1.202004052303\\db\/plugins/mcufinder/images/
2020-05-08 17:36:38,973 [WARN] DbFile:36 - Overriding database path with different value: C:\Users\ERCAN\.stmcufinder\plugins\mcufinder/ => C:\Users\ERCAN\.stmcufinder\plugins\mcufinder
2020-05-08 17:36:38,973 [INFO] DbMcusAds:85 - Set database path to: C:\Users\ERCAN\.stmcufinder\plugins\mcufinder//mcu/
2020-05-08 17:36:38,973 [WARN] DbFile:36 - Overriding database path with different value: C:\Users\ERCAN\.stmcufinder\plugins\mcufinder/ => C:\Users\ERCAN\.stmcufinder\plugins\mcufinder
2020-05-08 17:36:38,973 [INFO] DbMcusDocs:108 - Set database path to: C:\Users\ERCAN\.stmcufinder\plugins\mcufinder//mcu/
2020-05-08 17:36:38,973 [WARN] DbFile:36 - Overriding database path with different value: C:\Users\ERCAN\.stmcufinder\plugins\mcufinder/ => C:\Users\ERCAN\.stmcufinder\plugins\mcufinder
2020-05-08 17:36:38,973 [INFO] DbMcusJson:61 - Set database path to: C:\Users\ERCAN\.stmcufinder\plugins\mcufinder//mcu/
2020-05-08 17:36:38,973 [WARN] DbFile:36 - Overriding database path with different value: C:\Users\ERCAN\.stmcufinder\plugins\mcufinder/ => C:\Users\ERCAN\.stmcufinder\plugins\mcufinder
2020-05-08 17:36:38,973 [INFO] DbBoardsDocs:97 - Set database path to: C:\Users\ERCAN\.stmcufinder\plugins\mcufinder//mcu/
2020-05-08 17:36:38,988 [WARN] DbFile:36 - Overriding database path with different value: C:\Users\ERCAN\.stmcufinder\plugins\mcufinder/ => C:\Users\ERCAN\.stmcufinder\plugins\mcufinder
2020-05-08 17:36:38,988 [INFO] DbBoardsJson:51 - Set database path to: C:\Users\ERCAN\.stmcufinder\plugins\mcufinder//mcu/
2020-05-08 17:36:38,988 [WARN] DbFile:36 - Overriding database path with different value: C:\Users\ERCAN\.stmcufinder\plugins\mcufinder/ => C:\Users\ERCAN\.stmcufinder\plugins\mcufinder
2020-05-08 17:36:38,988 [WARN] DbFile:36 - Overriding database path with different value: C:\Users\ERCAN\.stmcufinder\plugins\mcufinder/ => C:\Users\ERCAN\.stmcufinder\plugins\mcufinder
2020-05-08 17:36:38,988 [INFO] CrossReferenceDbSqlite:197 - Set database path to: C:\Users\ERCAN\.stmcufinder\plugins\mcufinder//mcu/cs/
2020-05-08 17:36:39,142 [INFO] MainPanel:181 - HeapMemory: 338690048
2020-05-08 17:36:39,320 [INFO] DbMcusXml:72 - Set database path to: C:\ST\STM32CubeIDE_1.2.0\STM32CubeIDE\plugins\com.st.stm32cube.common.mx_5.6.1.202004052303\\db\/mcu/
2020-05-08 17:36:39,320 [INFO] DbBoardsPdsc:54 - Set plugin database path to: C:\ST\STM32CubeIDE_1.2.0\STM32CubeIDE\plugins\com.st.stm32cube.common.mx_5.6.1.202004052303\\db\/plugins/boardmanager/
2020-05-08 17:36:39,320 [INFO] DbMcus:235 - Set plugin images path to: C:\ST\STM32CubeIDE_1.2.0\STM32CubeIDE\plugins\com.st.stm32cube.common.mx_5.6.1.202004052303\\db\/plugins/mcufinder/images/
2020-05-08 17:36:39,327 [INFO] DbBoards:232 - Set plugin images path to: C:\ST\STM32CubeIDE_1.2.0\STM32CubeIDE\plugins\com.st.stm32cube.common.mx_5.6.1.202004052303\\db\/plugins/mcufinder/images/
2020-05-08 17:36:39,327 [WARN] DbFile:36 - Overriding database path with different value: C:\Users\ERCAN\.stmcufinder\plugins\mcufinder/ => C:\Users\ERCAN\.stmcufinder\plugins\mcufinder
2020-05-08 17:36:39,327 [INFO] DbMcusAds:85 - Set database path to: C:\Users\ERCAN\.stmcufinder\plugins\mcufinder//mcu/
2020-05-08 17:36:39,327 [WARN] DbFile:36 - Overriding database path with different value: C:\Users\ERCAN\.stmcufinder\plugins\mcufinder/ => C:\Users\ERCAN\.stmcufinder\plugins\mcufinder
2020-05-08 17:36:39,327 [INFO] DbMcusDocs:108 - Set database path to: C:\Users\ERCAN\.stmcufinder\plugins\mcufinder//mcu/
2020-05-08 17:36:39,327 [WARN] DbFile:36 - Overriding database path with different value: C:\Users\ERCAN\.stmcufinder\plugins\mcufinder/ => C:\Users\ERCAN\.stmcufinder\plugins\mcufinder
2020-05-08 17:36:39,327 [INFO] DbMcusJson:61 - Set database path to: C:\Users\ERCAN\.stmcufinder\plugins\mcufinder//mcu/
2020-05-08 17:36:39,327 [WARN] DbFile:36 - Overriding database path with different value: C:\Users\ERCAN\.stmcufinder\plugins\mcufinder/ => C:\Users\ERCAN\.stmcufinder\plugins\mcufinder
2020-05-08 17:36:39,327 [INFO] DbBoardsDocs:97 - Set database path to: C:\Users\ERCAN\.stmcufinder\plugins\mcufinder//mcu/
2020-05-08 17:36:39,327 [WARN] DbFile:36 - Overriding database path with different value: C:\Users\ERCAN\.stmcufinder\plugins\mcufinder/ => C:\Users\ERCAN\.stmcufinder\plugins\mcufinder
2020-05-08 17:36:39,327 [INFO] DbBoardsJson:51 - Set database path to: C:\Users\ERCAN\.stmcufinder\plugins\mcufinder//mcu/
2020-05-08 17:36:39,327 [WARN] DbFile:36 - Overriding database path with different value: C:\Users\ERCAN\.stmcufinder\plugins\mcufinder/ => C:\Users\ERCAN\.stmcufinder\plugins\mcufinder
2020-05-08 17:36:39,327 [WARN] DbFile:36 - Overriding database path with different value: C:\Users\ERCAN\.stmcufinder\plugins\mcufinder/ => C:\Users\ERCAN\.stmcufinder\plugins\mcufinder
2020-05-08 17:36:39,327 [INFO] CrossReferenceDbSqlite:197 - Set database path to: C:\Users\ERCAN\.stmcufinder\plugins\mcufinder//mcu/cs/
2020-05-08 17:36:39,374 [INFO] ApplicationProperties:181 - Using Application install path: C:\ST\STM32CubeIDE_1.2.0\STM32CubeIDE\plugins\com.st.stm32cube.common.mx_5.6.1.202004052303
2020-05-08 17:36:39,374 [INFO] PluginManage:178 - Search for loadable plugins [exclusion list=, tutovideos]
2020-05-08 17:36:39,374 [INFO] PluginManage:292 - Check plugin analytics
2020-05-08 17:36:39,427 [INFO] PluginManage:342 - Loaded plugin analytics (category:tool,tabindex:-1)
2020-05-08 17:36:39,427 [INFO] PluginManage:292 - Check plugin clock
2020-05-08 17:36:39,458 [INFO] PluginManage:342 - Loaded plugin clock (category:base,tabindex:2)
2020-05-08 17:36:39,474 [INFO] PluginManage:292 - Check plugin ddr
2020-05-08 17:36:39,474 [INFO] PluginManage:342 - Loaded plugin ddr (category:tool,tabindex:6)
2020-05-08 17:36:39,474 [INFO] PluginManage:292 - Check plugin filemanager
2020-05-08 17:36:39,806 [INFO] PluginManage:342 - Loaded plugin filemanager (category:base,tabindex:10)
2020-05-08 17:36:39,806 [INFO] PluginManage:292 - Check plugin ipmanager
2020-05-08 17:36:39,828 [INFO] PluginManage:342 - Loaded plugin ipmanager (category:base,tabindex:5)
2020-05-08 17:36:39,828 [INFO] PluginManage:292 - Check plugin pinoutandconfiguration
2020-05-08 17:36:39,891 [INFO] PluginManage:342 - Loaded plugin pinoutandconfiguration (category:base,tabindex:1)
2020-05-08 17:36:39,891 [INFO] PluginManage:292 - Check plugin pinoutconfig
2020-05-08 17:36:39,960 [INFO] PluginManage:342 - Loaded plugin pinoutconfig (category:base,tabindex:0)
2020-05-08 17:36:39,960 [INFO] PluginManage:292 - Check plugin power
2020-05-08 17:36:40,007 [INFO] PluginManage:342 - Loaded plugin power (category:power,tabindex:4)
2020-05-08 17:36:40,007 [INFO] PluginManage:292 - Check plugin projectmanager
2020-05-08 17:36:40,029 [INFO] PluginManage:342 - Loaded plugin projectmanager (category:projectmanager,tabindex:3)
2020-05-08 17:36:40,029 [INFO] PluginManage:292 - Check plugin thirdparty
2020-05-08 17:36:40,160 [INFO] ThirdPartyDb:295 - Open Third Party DataBase File (C:/Users/ERCAN/.stm32cubemx/plugins/thirdparty/db/thirdparties_db.xml) : 37 ms. number of Sw pack : 8
2020-05-08 17:36:40,229 [INFO] PluginManage:342 - Loaded plugin thirdparty (category:base,tabindex:-1)
2020-05-08 17:36:40,229 [INFO] PluginManage:292 - Check plugin tools
2020-05-08 17:36:40,276 [INFO] PluginManage:342 - Loaded plugin tools (category:base,tabindex:7)
2020-05-08 17:36:40,276 [INFO] PluginManage:292 - Check plugin tutovideos
2020-05-08 17:36:40,430 [INFO] PluginManage:347 - Ignore plugin tutovideos (category:base)
2020-05-08 17:36:40,446 [INFO] PluginManage:292 - Check plugin updater
2020-05-08 17:36:40,461 [INFO] PluginManage:342 - Loaded plugin updater (category:base,tabindex:12)
2020-05-08 17:36:40,461 [INFO] PluginManage:265 - PluginManage : Loaded plugins [12]
2020-05-08 17:36:40,878 [INFO] PinOutPanel:1420 - setPackage(No Configuration,No Configuration)
2020-05-08 17:36:41,078 [INFO] IPUIPlugin:65 - create IPUIPlugin
2020-05-08 17:36:41,078 [INFO] PluginManager:200 - loadIPPluginJar : add adc
2020-05-08 17:36:41,132 [INFO] IPUIPlugin:65 - create IPUIPlugin
2020-05-08 17:36:41,132 [INFO] PluginManager:200 - loadIPPluginJar : add aes
2020-05-08 17:36:41,210 [INFO] IPUIPlugin:65 - create IPUIPlugin
2020-05-08 17:36:41,210 [INFO] PluginManager:200 - loadIPPluginJar : add can
2020-05-08 17:36:41,248 [INFO] IPUIPlugin:65 - create IPUIPlugin
2020-05-08 17:36:41,248 [INFO] PluginManager:200 - loadIPPluginJar : add comp
2020-05-08 17:36:41,310 [INFO] IPUIPlugin:65 - create IPUIPlugin
2020-05-08 17:36:41,310 [INFO] PluginManager:200 - loadIPPluginJar : add cryp
2020-05-08 17:36:41,364 [INFO] IPUIPlugin:65 - create IPUIPlugin
2020-05-08 17:36:41,364 [INFO] PluginManager:200 - loadIPPluginJar : add dfsdm
2020-05-08 17:36:41,395 [INFO] IPUIPlugin:65 - create IPUIPlugin
2020-05-08 17:36:41,395 [INFO] PluginManager:200 - loadIPPluginJar : add dma
2020-05-08 17:36:41,433 [INFO] IPUIPlugin:65 - create IPUIPlugin
2020-05-08 17:36:41,433 [INFO] PluginManager:200 - loadIPPluginJar : add fatfs
2020-05-08 17:36:41,533 [INFO] IPUIPlugin:65 - create IPUIPlugin
2020-05-08 17:36:41,533 [INFO] PluginManager:200 - loadIPPluginJar : add fmc
2020-05-08 17:36:41,549 [INFO] IPUIPlugin:65 - create IPUIPlugin
2020-05-08 17:36:41,549 [INFO] PluginManager:200 - loadIPPluginJar : add freertos
2020-05-08 17:36:41,596 [INFO] IPUIPlugin:65 - create IPUIPlugin
2020-05-08 17:36:41,596 [INFO] PluginManager:200 - loadIPPluginJar : add genericplugin
2020-05-08 17:36:41,765 [INFO] IPUIPlugin:65 - create IPUIPlugin
2020-05-08 17:36:41,765 [INFO] PluginManager:200 - loadIPPluginJar : add gfxmmu
2020-05-08 17:36:41,981 [INFO] IPUIPlugin:65 - create IPUIPlugin
2020-05-08 17:36:41,981 [INFO] PluginManager:200 - loadIPPluginJar : add gic
2020-05-08 17:36:42,012 [INFO] IPUIPlugin:65 - create IPUIPlugin
2020-05-08 17:36:42,012 [INFO] PluginManager:200 - loadIPPluginJar : add gpio
2020-05-08 17:36:42,134 [INFO] IPUIPlugin:65 - create IPUIPlugin
2020-05-08 17:36:42,134 [INFO] PluginManager:200 - loadIPPluginJar : add gtzc
2020-05-08 17:36:42,181 [INFO] IPUIPlugin:65 - create IPUIPlugin
2020-05-08 17:36:42,181 [INFO] PluginManager:200 - loadIPPluginJar : add hash
2020-05-08 17:36:42,282 [INFO] IPUIPlugin:65 - create IPUIPlugin
2020-05-08 17:36:42,282 [INFO] PluginManager:200 - loadIPPluginJar : add i2c
2020-05-08 17:36:42,351 [INFO] IPUIPlugin:65 - create IPUIPlugin
2020-05-08 17:36:42,351 [INFO] PluginManager:200 - loadIPPluginJar : add i2s
2020-05-08 17:36:42,583 [INFO] IPUIPlugin:65 - create IPUIPlugin
2020-05-08 17:36:42,583 [INFO] PluginManager:200 - loadIPPluginJar : add ipddr
2020-05-08 17:36:42,652 [INFO] IPUIPlugin:65 - create IPUIPlugin
2020-05-08 17:36:42,652 [INFO] PluginManager:200 - loadIPPluginJar : add ltdc
2020-05-08 17:36:42,667 [INFO] IPUIPlugin:65 - create IPUIPlugin
2020-05-08 17:36:42,667 [INFO] PluginManager:200 - loadIPPluginJar : add mdma
2020-05-08 17:36:42,699 [INFO] IPUIPlugin:65 - create IPUIPlugin
2020-05-08 17:36:42,699 [INFO] PluginManager:200 - loadIPPluginJar : add nvic
2020-05-08 17:36:42,752 [INFO] IPUIPlugin:65 - create IPUIPlugin
2020-05-08 17:36:42,752 [INFO] PluginManager:200 - loadIPPluginJar : add opamp
2020-05-08 17:36:42,837 [INFO] IPUIPlugin:65 - create IPUIPlugin
2020-05-08 17:36:42,837 [INFO] PluginManager:200 - loadIPPluginJar : add pdm2pcm
2020-05-08 17:36:42,868 [INFO] IPUIPlugin:65 - create IPUIPlugin
2020-05-08 17:36:42,868 [INFO] PluginManager:200 - loadIPPluginJar : add plateformsettings
2020-05-08 17:36:42,915 [INFO] IPUIPlugin:65 - create IPUIPlugin
2020-05-08 17:36:42,915 [INFO] PluginManager:200 - loadIPPluginJar : add quadspi
2020-05-08 17:36:42,937 [INFO] IPUIPlugin:65 - create IPUIPlugin
2020-05-08 17:36:42,937 [INFO] PluginManager:200 - loadIPPluginJar : add resmgrutility
2020-05-08 17:36:43,037 [INFO] IPUIPlugin:65 - create IPUIPlugin
2020-05-08 17:36:43,037 [INFO] PluginManager:200 - loadIPPluginJar : add sai
2020-05-08 17:36:43,100 [INFO] IPUIPlugin:65 - create IPUIPlugin
2020-05-08 17:36:43,100 [INFO] PluginManager:200 - loadIPPluginJar : add spi
2020-05-08 17:36:43,184 [INFO] IPUIPlugin:65 - create IPUIPlugin
2020-05-08 17:36:43,184 [INFO] PluginManager:200 - loadIPPluginJar : add stm32_wpan
2020-05-08 17:36:43,231 [INFO] IPUIPlugin:65 - create IPUIPlugin
2020-05-08 17:36:43,231 [INFO] PluginManager:200 - loadIPPluginJar : add tim
2020-05-08 17:36:43,338 [INFO] IPUIPlugin:65 - create IPUIPlugin
2020-05-08 17:36:43,338 [INFO] PluginManager:200 - loadIPPluginJar : add touchsensing
2020-05-08 17:36:43,369 [INFO] IPUIPlugin:65 - create IPUIPlugin
2020-05-08 17:36:43,385 [INFO] PluginManager:200 - loadIPPluginJar : add tracer_emb
2020-05-08 17:36:43,416 [INFO] IPUIPlugin:65 - create IPUIPlugin
2020-05-08 17:36:43,416 [INFO] PluginManager:200 - loadIPPluginJar : add ts
2020-05-08 17:36:43,454 [INFO] IPUIPlugin:65 - create IPUIPlugin
2020-05-08 17:36:43,454 [INFO] PluginManager:200 - loadIPPluginJar : add tsc
2020-05-08 17:36:43,501 [INFO] IPUIPlugin:65 - create IPUIPlugin
2020-05-08 17:36:43,501 [INFO] PluginManager:200 - loadIPPluginJar : add ucpd
2020-05-08 17:36:43,570 [INFO] IPUIPlugin:65 - create IPUIPlugin
2020-05-08 17:36:43,570 [INFO] PluginManager:200 - loadIPPluginJar : add usart
2020-05-08 17:36:44,519 [INFO] BoardConnectionPanel:3472 - [DDR PANEL] STM32CubeIDE environment
2020-05-08 17:36:44,535 [INFO] MainDdrPanel:103 - [DDR PANEL] GETTER - cubeProgrammerPath is: null
2020-05-08 17:36:44,857 [FATAL] Updater:277 - Updater called before beeing initialized
2020-05-08 17:36:45,300 [FATAL] Updater:277 - Updater called before beeing initialized
2020-05-08 17:36:45,300 [INFO] PinOutPanel:1420 - setPackage(No Configuration,No Configuration)
2020-05-08 17:36:45,300 [FATAL] Updater:277 - Updater called before beeing initialized
2020-05-08 17:36:45,316 [INFO] BoardConnectionPanel:3472 - [DDR PANEL] STM32CubeIDE environment
2020-05-08 17:36:45,316 [INFO] MainDdrPanel:103 - [DDR PANEL] GETTER - cubeProgrammerPath is: C:\ST\STM32CubeIDE_1.2.0\STM32CubeIDE\plugins\com.st.stm32cube.ide.mcu.externaltools.cubeprogrammer.win32_1.3.0.202002181050\tools\bin
2020-05-08 17:36:45,316 [INFO] ProgrammerExecThread:148 - [ProgrammerAPI] CubeProgrammer command construction: C:\ST\STM32CubeIDE_1.2.0\STM32CubeIDE\plugins\com.st.stm32cube.ide.mcu.externaltools.cubeprogrammer.win32_1.3.0.202002181050\tools\bin\STM32_Programmer_CLI.exe -l
2020-05-08 17:36:45,917 [INFO] MainDdrPanel:93 - [DDR PANEL] SETTER - Set cubeProgrammerPath to: C:\ST\STM32CubeIDE_1.2.0\STM32CubeIDE\plugins\com.st.stm32cube.ide.mcu.externaltools.cubeprogrammer.win32_1.3.0.202002181050\tools\bin
2020-05-08 17:36:45,987 [INFO] Updater:886 - Updater Version found : 5.6.1
2020-05-08 17:36:46,033 [INFO] ApplicationProperties:181 - Using Application install path: C:\ST\STM32CubeIDE_1.2.0\STM32CubeIDE\plugins\com.st.stm32cube.common.mx_5.6.1.202004052303
2020-05-08 17:36:46,203 [FATAL] Updater:277 - Updater called before beeing initialized
2020-05-08 17:36:46,203 [ERROR] IntegrityCheckThread:252 - Cannot obtain thirdParties list 21
2020-05-08 17:36:46,203 [ERROR] IntegrityCheckThread:100 - Unexpected exception IntegrityCheckThread Thread: Updater error
2020-05-08 17:36:46,203 [INFO] ThirdPartyDb:261 - Close Third Party DataBase File (C:/Users/ERCAN/.stm32cubemx/plugins/thirdparty/db/thirdparties_db.xml)
2020-05-08 17:36:46,662 [INFO] MainUpdater:2230 - connection check result : 10
2020-05-08 17:36:46,662 [INFO] MainUpdater:236 - Updater Check For Update Now.
2020-05-08 17:36:46,669 [INFO] MicroXplorer:420 - Change Database Version : DB.5.0.60
2020-05-08 17:36:46,763 [INFO] CheckServerUpdateThread:92 - End of CheckServer Thread
2020-05-08 17:36:46,901 [INFO] MainUpdater:2230 - connection check result : 10
2020-05-08 17:36:47,291 [INFO] MicroXplorer:390 - Change Database Path : 
2020-05-08 17:36:47,293 [INFO] MicroXplorer:420 - Change Database Version : DB.5.0.60
2020-05-08 17:36:47,293 [INFO] PinOutPanel:1420 - setPackage(No Configuration,No Configuration)
2020-05-08 17:36:47,301 [INFO] UtilMem:74 - Begin LoadConfig() Used Memory: 268458896 Bytes (338690048)
2020-05-08 17:36:47,303 [INFO] MicroXplorer:390 - Change Database Path : 
2020-05-08 17:36:47,303 [INFO] MicroXplorer:420 - Change Database Version : DB.5.0.60
2020-05-08 17:36:47,303 [INFO] OpenFileManager:274 - Change cursor
2020-05-08 17:36:58,794 [INFO] UtilMem:74 - End LoadConfig() Used Memory: 268839792 Bytes (338690048)
2020-05-08 17:36:58,815 [INFO] DbMcusXml:110 - Load MCU database from C:\ST\STM32CubeIDE_1.2.0\STM32CubeIDE\plugins\com.st.stm32cube.common.mx_5.6.1.202004052303\\db\/mcu/families.xml
2020-05-08 17:37:01,078 [INFO] DbMcusJson:90 - JSON generation date=Wed Apr 15 08:54:18 EET 2020 (1586930058)
2020-05-08 17:37:04,462 [INFO] DbMcus:171 - Found 1670 MCUs (1625 are supported by CubeMX, 1625 are visible in CubeMX)
2020-05-08 17:37:04,523 [INFO] ApiDb:158 - Load user favorites file C:\Users\ERCAN/.stm32cubemx/favorites.mcus.txt: 2 item(s)
2020-05-08 17:37:04,523 [INFO] ApiDb:163 - User favorites MCUs=[STM32F103C8Tx, STM32F407VGTx]
2020-05-08 17:37:04,531 [INFO] DbMcus:183 - Set 2 / 2 favorites MCUs
2020-05-08 17:37:04,624 [INFO] ThirdPartyDb:295 - Open Third Party DataBase File (C:/Users/ERCAN/.stm32cubemx/plugins/thirdparty/db/thirdparties_db.xml) : 40 ms. number of Sw pack : 8
2020-05-08 17:37:05,527 [INFO] ThirdParty:899 - CMSIS Pack Vendor :STMicroelectronics X-CUBE-BLE1 4.4.0
2020-05-08 17:37:05,527 [INFO] ThirdParty:899 - CMSIS Pack Vendor :STMicroelectronics X-CUBE-MEMS1 7.0.0
2020-05-08 17:37:05,527 [INFO] ThirdParty:899 - CMSIS Pack Vendor :STMicroelectronics X-CUBE-NFC4 1.4.0
2020-05-08 17:37:05,527 [INFO] ThirdParty:899 - CMSIS Pack Vendor :STMicroelectronics X-CUBE-GNSS1 3.0.0
2020-05-08 17:37:05,527 [INFO] ThirdParty:899 - CMSIS Pack Vendor :STMicroelectronics FreeRTOS 0.0.1
2020-05-08 17:37:05,527 [INFO] ThirdParty:899 - CMSIS Pack Vendor :STMicroelectronics X-CUBE-MEMS1 6.2.0
2020-05-08 17:37:05,527 [INFO] ThirdParty:899 - CMSIS Pack Vendor :STMicroelectronics X-CUBE-AI 5.0.0
2020-05-08 17:37:05,527 [INFO] ThirdParty:899 - CMSIS Pack Vendor :STMicroelectronics X-CUBE-AI 4.0.0
2020-05-08 17:37:07,357 [INFO] PinOutPanel:1420 - setPackage(No Configuration,No Configuration)
2020-05-08 17:37:07,372 [INFO] PinOutPanel:1420 - setPackage(STM32F407VGTx,LQFP100)
2020-05-08 17:37:09,313 [INFO] UtilMem:74 - Before build in PCC Used Memory: 305016560 Bytes (413138944)
2020-05-08 17:37:10,646 [INFO] SharedServices:71 - Folder for power plug-in: C:/Users/ERCAN/.stm32cubemx/plugins/power
2020-05-08 17:37:10,794 [INFO] SharedServices:71 - Folder for power plug-in: C:/Users/ERCAN/.stm32cubemx/plugins/power
2020-05-08 17:37:10,945 [INFO] SharedServices:71 - Folder for power plug-in: C:/Users/ERCAN/.stm32cubemx/plugins/power
2020-05-08 17:37:10,955 [INFO] SharedServices:71 - Folder for power plug-in: C:/Users/ERCAN/.stm32cubemx/plugins/power
2020-05-08 17:37:11,712 [INFO] UtilMem:74 - After build in PCC Used Memory: 292467200 Bytes (413138944)
2020-05-08 17:37:11,793 [INFO] IPUIPlugin:65 - create IPUIPlugin
2020-05-08 17:37:11,793 [INFO] IPUIPlugin:65 - create IPUIPlugin
2020-05-08 17:37:11,801 [INFO] IPUIPlugin:65 - create IPUIPlugin
2020-05-08 17:37:11,804 [INFO] IPUIPlugin:65 - create IPUIPlugin
2020-05-08 17:37:11,804 [INFO] IPUIPlugin:65 - create IPUIPlugin
2020-05-08 17:37:11,804 [INFO] IPUIPlugin:65 - create IPUIPlugin
2020-05-08 17:37:11,804 [INFO] IPUIPlugin:65 - create IPUIPlugin
2020-05-08 17:37:11,804 [INFO] IPUIPlugin:65 - create IPUIPlugin
2020-05-08 17:37:11,804 [INFO] IPUIPlugin:65 - create IPUIPlugin
2020-05-08 17:37:11,804 [INFO] IPUIPlugin:65 - create IPUIPlugin
2020-05-08 17:37:11,804 [INFO] IPUIPlugin:65 - create IPUIPlugin
2020-05-08 17:37:11,804 [INFO] IPUIPlugin:65 - create IPUIPlugin
2020-05-08 17:37:11,812 [INFO] IPUIPlugin:65 - create IPUIPlugin
2020-05-08 17:37:11,812 [INFO] IPUIPlugin:65 - create IPUIPlugin
2020-05-08 17:37:11,812 [INFO] IPUIPlugin:65 - create IPUIPlugin
2020-05-08 17:37:11,814 [INFO] IPUIPlugin:65 - create IPUIPlugin
2020-05-08 17:37:11,814 [INFO] IPUIPlugin:65 - create IPUIPlugin
2020-05-08 17:37:11,814 [INFO] IPUIPlugin:65 - create IPUIPlugin
2020-05-08 17:37:11,814 [INFO] IPUIPlugin:65 - create IPUIPlugin
2020-05-08 17:37:11,814 [INFO] IPUIPlugin:65 - create IPUIPlugin
2020-05-08 17:37:11,814 [INFO] IPUIPlugin:65 - create IPUIPlugin
2020-05-08 17:37:11,814 [INFO] IPUIPlugin:65 - create IPUIPlugin
2020-05-08 17:37:11,814 [INFO] IPUIPlugin:65 - create IPUIPlugin
2020-05-08 17:37:11,814 [INFO] IPUIPlugin:65 - create IPUIPlugin
2020-05-08 17:37:11,814 [INFO] IPUIPlugin:65 - create IPUIPlugin
2020-05-08 17:37:11,822 [INFO] IPUIPlugin:65 - create IPUIPlugin
2020-05-08 17:37:11,822 [INFO] IPUIPlugin:65 - create IPUIPlugin
2020-05-08 17:37:11,824 [INFO] IPUIPlugin:65 - create IPUIPlugin
2020-05-08 17:37:11,824 [INFO] IPUIPlugin:65 - create IPUIPlugin
2020-05-08 17:37:11,824 [INFO] IPUIPlugin:65 - create IPUIPlugin
2020-05-08 17:37:11,824 [INFO] IPUIPlugin:65 - create IPUIPlugin
2020-05-08 17:37:11,824 [INFO] IPUIPlugin:65 - create IPUIPlugin
2020-05-08 17:37:11,832 [INFO] IPUIPlugin:65 - create IPUIPlugin
2020-05-08 17:37:11,832 [INFO] IPUIPlugin:65 - create IPUIPlugin
2020-05-08 17:37:11,834 [INFO] IPUIPlugin:65 - create IPUIPlugin
2020-05-08 17:37:11,834 [INFO] IPUIPlugin:65 - create IPUIPlugin
2020-05-08 17:37:11,834 [INFO] IPUIPlugin:65 - create IPUIPlugin
2020-05-08 17:37:11,834 [INFO] IPUIPlugin:65 - create IPUIPlugin
2020-05-08 17:37:11,834 [INFO] IPUIPlugin:65 - create IPUIPlugin
2020-05-08 17:37:11,834 [INFO] IPUIPlugin:65 - create IPUIPlugin
2020-05-08 17:37:11,834 [INFO] IPUIPlugin:65 - create IPUIPlugin
2020-05-08 17:37:11,834 [INFO] IPUIPlugin:65 - create IPUIPlugin
2020-05-08 17:37:11,834 [INFO] IPUIPlugin:65 - create IPUIPlugin
2020-05-08 17:37:11,834 [INFO] IPUIPlugin:65 - create IPUIPlugin
2020-05-08 17:37:11,834 [INFO] IPUIPlugin:65 - create IPUIPlugin
2020-05-08 17:37:11,834 [INFO] IPUIPlugin:65 - create IPUIPlugin
2020-05-08 17:37:11,842 [INFO] IPUIPlugin:65 - create IPUIPlugin
2020-05-08 17:37:11,844 [INFO] IPUIPlugin:65 - create IPUIPlugin
2020-05-08 17:37:11,844 [INFO] IPUIPlugin:65 - create IPUIPlugin
2020-05-08 17:37:11,844 [INFO] IPUIPlugin:65 - create IPUIPlugin
2020-05-08 17:37:11,844 [INFO] IPUIPlugin:65 - create IPUIPlugin
2020-05-08 17:37:11,844 [INFO] IPUIPlugin:65 - create IPUIPlugin
2020-05-08 17:37:11,895 [INFO] IPUIPlugin:65 - create IPUIPlugin
2020-05-08 17:37:11,903 [INFO] IPUIPlugin:65 - create IPUIPlugin
2020-05-08 17:37:11,903 [INFO] IPUIPlugin:65 - create IPUIPlugin
2020-05-08 17:37:11,905 [INFO] IPUIPlugin:65 - create IPUIPlugin
2020-05-08 17:37:11,905 [INFO] IPUIPlugin:65 - create IPUIPlugin
2020-05-08 17:37:11,905 [INFO] IPUIPlugin:65 - create IPUIPlugin
2020-05-08 17:37:12,016 [INFO] LogOutputStream:76 - [STDOUT_REDIRECT] toolchainItems.length=====1
2020-05-08 17:37:12,441 [INFO] OpenFileManager:294 - Restore cursor
2020-05-08 17:39:36,559 [WARN] IP:1936 - I2C_Coeff_DF not found: check if there is a RefParameter without a condition.
2020-05-08 17:39:36,559 [WARN] IP:1936 - Analog_Filter not found: check if there is a RefParameter without a condition.
2020-05-08 17:39:36,628 [WARN] IP:1936 - I2C_Coeff_DF not found: check if there is a RefParameter without a condition.
2020-05-08 17:39:36,628 [WARN] IP:1936 - Analog_Filter not found: check if there is a RefParameter without a condition.
2020-05-08 17:39:36,628 [WARN] IP:1936 - I2C_Coeff_DF not found: check if there is a RefParameter without a condition.
2020-05-08 17:39:36,628 [WARN] IP:1936 - Analog_Filter not found: check if there is a RefParameter without a condition.
2020-05-08 17:39:36,992 [WARN] IP:1936 - I2C_Coeff_DF not found: check if there is a RefParameter without a condition.
2020-05-08 17:39:36,992 [WARN] IP:1936 - Analog_Filter not found: check if there is a RefParameter without a condition.
2020-05-08 17:39:37,000 [WARN] IP:1936 - I2C_Coeff_DF not found: check if there is a RefParameter without a condition.
2020-05-08 17:39:37,000 [WARN] IP:1936 - Analog_Filter not found: check if there is a RefParameter without a condition.
2020-05-08 17:39:37,031 [WARN] IP:1936 - I2C_Coeff_DF not found: check if there is a RefParameter without a condition.
2020-05-08 17:39:37,039 [WARN] IP:1936 - Analog_Filter not found: check if there is a RefParameter without a condition.
2020-05-08 17:40:00,482 [INFO] UtilMem:74 - End SaveConfig() Used Memory: 269579304 Bytes (413138944)
2020-05-08 17:40:03,076 [INFO] UtilMem:74 - End SaveConfig() Used Memory: 279016488 Bytes (413138944)
2020-05-08 17:40:03,550 [INFO] UtilMem:74 - End SaveConfig() Used Memory: 290028576 Bytes (413138944)
2020-05-08 17:40:04,943 [INFO] BlockDiagram:2671 - set Specific Code input for plugin: SYS
2020-05-08 17:40:04,945 [INFO] BlockDiagram:2671 - set Specific Code input for plugin: I2C
2020-05-08 17:40:04,945 [INFO] BlockDiagram:2671 - set Specific Code input for plugin: NVIC
2020-05-08 17:40:04,945 [INFO] BlockDiagram:2671 - set Specific Code input for plugin: GPIO
2020-05-08 17:40:04,945 [INFO] CodeGenerator:603 - code generatio: config db path: C:\ST\STM32CubeIDE_1.2.0\STM32CubeIDE\plugins\com.st.stm32cube.common.mx_5.6.1.202004052303\\db\
2020-05-08 17:40:04,965 [WARN] IP:1936 - I2C_Coeff_DF not found: check if there is a RefParameter without a condition.
2020-05-08 17:40:04,965 [WARN] IP:1936 - Analog_Filter not found: check if there is a RefParameter without a condition.
2020-05-08 17:40:06,319 [INFO] CodeEngine:188 - oldGeneratedFile, A:\ERCAN\code2\test\MXTmpFiles\license.tmp_save
2020-05-08 17:40:07,350 [INFO] CodeEngine:206 - Generated code: A:\ERCAN\code2\test\MXTmpFiles\license.tmp
2020-05-08 17:40:07,825 [INFO] CodeEngine:188 - oldGeneratedFile, A:\ERCAN\code2\test\MXTmpFiles\gpio.tmp_save
2020-05-08 17:40:08,280 [INFO] CodeEngine:206 - Generated code: A:\ERCAN\code2\test\MXTmpFiles\gpio.tmp
2020-05-08 17:40:08,634 [INFO] LogOutputStream:76 - [STDOUT_REDIRECT] Command line
2020-05-08 17:40:08,634 [INFO] LogOutputStream:76 - [STDOUT_REDIRECT] Debug : prepare data for I2C
2020-05-08 17:40:08,634 [INFO] LogOutputStream:76 - [STDOUT_REDIRECT] Command line test
2020-05-08 17:40:08,642 [INFO] LogOutputStream:76 - [STDOUT_REDIRECT] Debug : prepare data for NVIC
2020-05-08 17:40:08,644 [INFO] LogOutputStream:76 - [STDOUT_REDIRECT] Command line test
2020-05-08 17:40:08,735 [INFO] CodeEngine:188 - oldGeneratedFile, A:\ERCAN\code2\test\Core\Src\stm32f4xx_it.c_save
2020-05-08 17:40:09,180 [INFO] CodeEngine:206 - Generated code: A:\ERCAN\code2\test\Core\Src\stm32f4xx_it.c
2020-05-08 17:40:09,260 [INFO] CodeEngine:188 - oldGeneratedFile, A:\ERCAN\code2\test\Core\Inc\stm32f4xx_it.h_save
2020-05-08 17:40:09,594 [INFO] CodeEngine:206 - Generated code: A:\ERCAN\code2\test\Core\Inc\stm32f4xx_it.h
2020-05-08 17:40:09,715 [INFO] CodeEngine:188 - oldGeneratedFile, A:\ERCAN\code2\test\Core\Src\stm32f4xx_hal_msp.c_save
2020-05-08 17:40:10,190 [INFO] CodeEngine:206 - Generated code: A:\ERCAN\code2\test\Core\Src\stm32f4xx_hal_msp.c
2020-05-08 17:40:10,261 [INFO] CodeEngine:188 - oldGeneratedFile, A:\ERCAN\code2\test\MXTmpFiles\system.tmp_save
2020-05-08 17:40:10,504 [INFO] CodeEngine:206 - Generated code: A:\ERCAN\code2\test\MXTmpFiles\system.tmp
2020-05-08 17:40:10,615 [INFO] CodeEngine:188 - oldGeneratedFile, A:\ERCAN\code2\test\Core\Inc\stm32f4xx_hal_conf.h_save
2020-05-08 17:40:10,967 [INFO] CodeEngine:206 - Generated code: A:\ERCAN\code2\test\Core\Inc\stm32f4xx_hal_conf.h
2020-05-08 17:40:11,010 [WARN] IPConfigManager:2701 - IP not found : gpio
2020-05-08 17:40:11,020 [WARN] CodeGenerator:2649 - IP not found : gpio
2020-05-08 17:40:11,121 [INFO] CodeEngine:188 - oldGeneratedFile, A:\ERCAN\code2\test\Core\Inc\main.h_save
2020-05-08 17:40:11,414 [INFO] CodeEngine:206 - Generated code: A:\ERCAN\code2\test\Core\Inc\main.h
2020-05-08 17:40:11,505 [INFO] CodeEngine:188 - oldGeneratedFile, A:\ERCAN\code2\test\Core\Src\main.c_save
2020-05-08 17:40:11,920 [INFO] CodeEngine:206 - Generated code: A:\ERCAN\code2\test\Core\Src\main.c
2020-05-08 17:40:17,007 [INFO] ProjectBuilder:2002 - Time for Copy HAL[1] : 2640mS.
2020-05-08 17:40:17,023 [INFO] ProjectBuilder:2727 - Project Generator version: 3.7.1
2020-05-08 17:40:20,025 [INFO] ConfigFileManager:1066 - The Die is : DIE413
2020-05-08 17:40:38,063 [INFO] ProjectBuilder:2894 - Time for Generating toolchain IDE Files: 21040mS.
2020-05-08 17:40:38,063 [INFO] ProjectBuilder:1878 - Time for Copy CMSIS : 0mS.
2020-05-08 17:40:38,111 [INFO] ProjectBuilder:1878 - Time for Copy CMSIS : 0mS.
2020-05-09 19:10:40,200 [INFO] Activator:176 - 


2020-05-09 19:10:40,231 [INFO] Activator:177 - !SESSION log4j initialized
